SF:/Users/benmi/Ws/little-manager/crates/libs/lib-auth/src/config.rs
FN:8,_RNCNCNvNtCs6tQgp8d3oEm_8lib_auth6config11auth_config00B7_
FN:7,_RNCNvNtCs6tQgp8d3oEm_8lib_auth6config11auth_config0B5_
FN:24,_RNvMNtCs6tQgp8d3oEm_8lib_auth6configNtB2_10AuthConfig13load_from_env
FN:4,_RNvNtCs6tQgp8d3oEm_8lib_auth6config11auth_config
FN:8,_RNCNCNvNtCs9qPnKP5BYz_8lib_auth6config11auth_config00B7_
FN:7,_RNCNvNtCs9qPnKP5BYz_8lib_auth6config11auth_config0B5_
FN:24,_RNvMNtCs9qPnKP5BYz_8lib_auth6configNtB2_10AuthConfig13load_from_env
FN:4,_RNvNtCs9qPnKP5BYz_8lib_auth6config11auth_config
FNDA:0,_RNCNCNvNtCs6tQgp8d3oEm_8lib_auth6config11auth_config00B7_
FNDA:1,_RNCNvNtCs6tQgp8d3oEm_8lib_auth6config11auth_config0B5_
FNDA:1,_RNvMNtCs6tQgp8d3oEm_8lib_auth6configNtB2_10AuthConfig13load_from_env
FNDA:8,_RNvNtCs6tQgp8d3oEm_8lib_auth6config11auth_config
FNDA:0,_RNCNCNvNtCs9qPnKP5BYz_8lib_auth6config11auth_config00B7_
FNDA:1,_RNCNvNtCs9qPnKP5BYz_8lib_auth6config11auth_config0B5_
FNDA:1,_RNvMNtCs9qPnKP5BYz_8lib_auth6configNtB2_10AuthConfig13load_from_env
FNDA:1,_RNvNtCs9qPnKP5BYz_8lib_auth6config11auth_config
FNF:4
FNH:3
DA:4,9
DA:7,9
DA:8,2
DA:9,0
DA:10,2
DA:11,9
DA:12,9
DA:24,2
DA:25,2
DA:26,2
DA:27,2
DA:29,2
DA:30,2
DA:32,2
BRF:0
BRH:0
LF:17
LH:15
end_of_record
SF:/Users/benmi/Ws/little-manager/crates/libs/lib-auth/src/pwd/error.rs
FN:21,_RNvXNtNtCs6tQgp8d3oEm_8lib_auth3pwd5errorNtB2_5ErrorNtNtCsfvfooZQ3Axs_4core3fmt7Display3fmt
FN:21,_RNvXNtNtCs9qPnKP5BYz_8lib_auth3pwd5errorNtB2_5ErrorNtNtCsfvfooZQ3Axs_4core3fmt7Display3fmt
FNDA:0,_RNvXNtNtCs6tQgp8d3oEm_8lib_auth3pwd5errorNtB2_5ErrorNtNtCsfvfooZQ3Axs_4core3fmt7Display3fmt
FNDA:0,_RNvXNtNtCs9qPnKP5BYz_8lib_auth3pwd5errorNtB2_5ErrorNtNtCsfvfooZQ3Axs_4core3fmt7Display3fmt
FNF:1
FNH:0
DA:21,0
DA:22,0
DA:23,0
DA:24,0
DA:25,0
DA:26,0
BRF:0
BRH:0
LF:6
LH:0
end_of_record
SF:/Users/benmi/Ws/little-manager/crates/libs/lib-auth/src/pwd/mod.rs
FN:51,_RNCNCNvNtCs6tQgp8d3oEm_8lib_auth3pwd8hash_pwd00B7_
FN:53,_RNCNCNvNtCs6tQgp8d3oEm_8lib_auth3pwd8hash_pwd0s_0B7_
FN:50,_RNCNvNtCs6tQgp8d3oEm_8lib_auth3pwd8hash_pwd0B5_
FN:50,_RNvNtCs6tQgp8d3oEm_8lib_auth3pwd8hash_pwd
FN:137,_RNvNtNtCs6tQgp8d3oEm_8lib_auth3pwd5testss_20test_multi_scheme_ok
FN:137,_RNCNvNtNtCs6tQgp8d3oEm_8lib_auth3pwd5testss_20test_multi_scheme_ok0B7_
FN:57,_RNvNtCs6tQgp8d3oEm_8lib_auth3pwd12validate_pwd
FN:88,_RNvNtCs6tQgp8d3oEm_8lib_auth3pwd15hash_for_scheme
FN:94,_RNvNtCs6tQgp8d3oEm_8lib_auth3pwd19validate_for_scheme
FN:113,_RNvXNtCs6tQgp8d3oEm_8lib_auth3pwdNtB2_8PwdPartsNtNtNtCsfvfooZQ3Axs_4core3str6traits7FromStr8from_str
FN:75,_RNCNCNvNtCs6tQgp8d3oEm_8lib_auth3pwd12validate_pwd00B7_
FN:79,_RNCNCNvNtCs6tQgp8d3oEm_8lib_auth3pwd12validate_pwd0s_0B7_
FN:114,_RNCNCNvXNtCs6tQgp8d3oEm_8lib_auth3pwdNtB6_8PwdPartsNtNtNtCsfvfooZQ3Axs_4core3str6traits7FromStr8from_strs_00B8_
FN:114,_RNCNCNvXNtCs6tQgp8d3oEm_8lib_auth3pwdNtB6_8PwdPartsNtNtNtCsfvfooZQ3Axs_4core3str6traits7FromStr8from_strs_0s0_0B8_
FN:114,_RNCNCNvXNtCs6tQgp8d3oEm_8lib_auth3pwdNtB6_8PwdPartsNtNtNtCsfvfooZQ3Axs_4core3str6traits7FromStr8from_strs_0s_0B8_
FN:60,_RNCNvNtCs6tQgp8d3oEm_8lib_auth3pwd12validate_pwd0B5_
FN:114,_RNCNvNvXNtCs6tQgp8d3oEm_8lib_auth3pwdNtB6_8PwdPartsNtNtNtCsfvfooZQ3Axs_4core3str6traits7FromStr8from_str2RE0B8_
FN:118,_RNCNvXNtCs6tQgp8d3oEm_8lib_auth3pwdNtB4_8PwdPartsNtNtNtCsfvfooZQ3Axs_4core3str6traits7FromStr8from_str0B6_
FN:51,_RNCNCNvNtCs9qPnKP5BYz_8lib_auth3pwd8hash_pwd00CsitYIkg1Iwaa_8lib_core
FN:53,_RNCNCNvNtCs9qPnKP5BYz_8lib_auth3pwd8hash_pwd0s_0CsitYIkg1Iwaa_8lib_core
FN:50,_RNCNvNtCs9qPnKP5BYz_8lib_auth3pwd8hash_pwd0CsitYIkg1Iwaa_8lib_core
FN:57,_RNvNtCs9qPnKP5BYz_8lib_auth3pwd12validate_pwd
FN:88,_RNvNtCs9qPnKP5BYz_8lib_auth3pwd15hash_for_scheme
FN:94,_RNvNtCs9qPnKP5BYz_8lib_auth3pwd19validate_for_scheme
FN:50,_RNvNtCs9qPnKP5BYz_8lib_auth3pwd8hash_pwd
FN:113,_RNvXNtCs9qPnKP5BYz_8lib_auth3pwdNtB2_8PwdPartsNtNtNtCsfvfooZQ3Axs_4core3str6traits7FromStr8from_str
FN:114,_RNCNCNvXNtCs9qPnKP5BYz_8lib_auth3pwdNtB6_8PwdPartsNtNtNtCsfvfooZQ3Axs_4core3str6traits7FromStr8from_strs_00B8_
FN:114,_RNCNCNvXNtCs9qPnKP5BYz_8lib_auth3pwdNtB6_8PwdPartsNtNtNtCsfvfooZQ3Axs_4core3str6traits7FromStr8from_strs_0s0_0B8_
FN:114,_RNCNCNvXNtCs9qPnKP5BYz_8lib_auth3pwdNtB6_8PwdPartsNtNtNtCsfvfooZQ3Axs_4core3str6traits7FromStr8from_strs_0s_0B8_
FN:114,_RNCNvNvXNtCs9qPnKP5BYz_8lib_auth3pwdNtB6_8PwdPartsNtNtNtCsfvfooZQ3Axs_4core3str6traits7FromStr8from_str2RE0B8_
FN:118,_RNCNvXNtCs9qPnKP5BYz_8lib_auth3pwdNtB4_8PwdPartsNtNtNtCsfvfooZQ3Axs_4core3str6traits7FromStr8from_str0B6_
FNDA:0,_RNCNCNvNtCs6tQgp8d3oEm_8lib_auth3pwd8hash_pwd00B7_
FNDA:0,_RNCNCNvNtCs6tQgp8d3oEm_8lib_auth3pwd8hash_pwd0s_0B7_
FNDA:0,_RNCNvNtCs6tQgp8d3oEm_8lib_auth3pwd8hash_pwd0B5_
FNDA:0,_RNvNtCs6tQgp8d3oEm_8lib_auth3pwd8hash_pwd
FNDA:1,_RNvNtNtCs6tQgp8d3oEm_8lib_auth3pwd5testss_20test_multi_scheme_ok
FNDA:1,_RNCNvNtNtCs6tQgp8d3oEm_8lib_auth3pwd5testss_20test_multi_scheme_ok0B7_
FNDA:1,_RNvNtCs6tQgp8d3oEm_8lib_auth3pwd12validate_pwd
FNDA:1,_RNvNtCs6tQgp8d3oEm_8lib_auth3pwd15hash_for_scheme
FNDA:1,_RNvNtCs6tQgp8d3oEm_8lib_auth3pwd19validate_for_scheme
FNDA:1,_RNvXNtCs6tQgp8d3oEm_8lib_auth3pwdNtB2_8PwdPartsNtNtNtCsfvfooZQ3Axs_4core3str6traits7FromStr8from_str
FNDA:1,_RNCNCNvNtCs6tQgp8d3oEm_8lib_auth3pwd12validate_pwd00B7_
FNDA:0,_RNCNCNvNtCs6tQgp8d3oEm_8lib_auth3pwd12validate_pwd0s_0B7_
FNDA:1,_RNCNCNvXNtCs6tQgp8d3oEm_8lib_auth3pwdNtB6_8PwdPartsNtNtNtCsfvfooZQ3Axs_4core3str6traits7FromStr8from_strs_00B8_
FNDA:1,_RNCNCNvXNtCs6tQgp8d3oEm_8lib_auth3pwdNtB6_8PwdPartsNtNtNtCsfvfooZQ3Axs_4core3str6traits7FromStr8from_strs_0s0_0B8_
FNDA:1,_RNCNCNvXNtCs6tQgp8d3oEm_8lib_auth3pwdNtB6_8PwdPartsNtNtNtCsfvfooZQ3Axs_4core3str6traits7FromStr8from_strs_0s_0B8_
FNDA:1,_RNCNvNtCs6tQgp8d3oEm_8lib_auth3pwd12validate_pwd0B5_
FNDA:1,_RNCNvNvXNtCs6tQgp8d3oEm_8lib_auth3pwdNtB6_8PwdPartsNtNtNtCsfvfooZQ3Axs_4core3str6traits7FromStr8from_str2RE0B8_
FNDA:1,_RNCNvXNtCs6tQgp8d3oEm_8lib_auth3pwdNtB4_8PwdPartsNtNtNtCsfvfooZQ3Axs_4core3str6traits7FromStr8from_str0B6_
FNDA:2,_RNCNCNvNtCs9qPnKP5BYz_8lib_auth3pwd8hash_pwd00CsitYIkg1Iwaa_8lib_core
FNDA:0,_RNCNCNvNtCs9qPnKP5BYz_8lib_auth3pwd8hash_pwd0s_0CsitYIkg1Iwaa_8lib_core
FNDA:2,_RNCNvNtCs9qPnKP5BYz_8lib_auth3pwd8hash_pwd0CsitYIkg1Iwaa_8lib_core
FNDA:0,_RNvNtCs9qPnKP5BYz_8lib_auth3pwd12validate_pwd
FNDA:2,_RNvNtCs9qPnKP5BYz_8lib_auth3pwd15hash_for_scheme
FNDA:0,_RNvNtCs9qPnKP5BYz_8lib_auth3pwd19validate_for_scheme
FNDA:2,_RNvNtCs9qPnKP5BYz_8lib_auth3pwd8hash_pwd
FNDA:0,_RNvXNtCs9qPnKP5BYz_8lib_auth3pwdNtB2_8PwdPartsNtNtNtCsfvfooZQ3Axs_4core3str6traits7FromStr8from_str
FNDA:0,_RNCNCNvXNtCs9qPnKP5BYz_8lib_auth3pwdNtB6_8PwdPartsNtNtNtCsfvfooZQ3Axs_4core3str6traits7FromStr8from_strs_00B8_
FNDA:0,_RNCNCNvXNtCs9qPnKP5BYz_8lib_auth3pwdNtB6_8PwdPartsNtNtNtCsfvfooZQ3Axs_4core3str6traits7FromStr8from_strs_0s0_0B8_
FNDA:0,_RNCNCNvXNtCs9qPnKP5BYz_8lib_auth3pwdNtB6_8PwdPartsNtNtNtCsfvfooZQ3Axs_4core3str6traits7FromStr8from_strs_0s_0B8_
FNDA:0,_RNCNvNvXNtCs9qPnKP5BYz_8lib_auth3pwdNtB6_8PwdPartsNtNtNtCsfvfooZQ3Axs_4core3str6traits7FromStr8from_str2RE0B8_
FNDA:0,_RNCNvXNtCs9qPnKP5BYz_8lib_auth3pwdNtB4_8PwdPartsNtNtNtCsfvfooZQ3Axs_4core3str6traits7FromStr8from_str0B6_
FNF:15
FNH:13
DA:50,2
DA:51,2
DA:52,2
DA:53,2
DA:54,2
DA:57,1
DA:58,1
DA:59,1
DA:60,1
DA:62,1
DA:63,1
DA:64,1
DA:67,1
DA:68,0
DA:70,1
DA:75,1
DA:76,1
DA:77,1
DA:78,1
DA:79,1
DA:82,1
DA:83,1
DA:88,3
DA:89,3
DA:91,3
DA:92,3
DA:94,1
DA:95,1
DA:96,1
DA:97,1
DA:98,1
DA:99,1
DA:100,1
DA:101,1
DA:113,1
DA:114,4
DA:115,4
DA:116,4
DA:117,4
DA:118,1
DA:119,1
DA:120,1
DA:121,1
DA:122,1
DA:123,1
DA:137,1
DA:138,1
DA:139,1
DA:140,1
DA:141,1
DA:142,1
DA:143,1
DA:144,1
DA:145,1
DA:146,1
DA:147,1
DA:148,1
DA:149,1
DA:150,1
DA:151,1
DA:152,1
DA:153,1
DA:154,1
DA:155,1
DA:156,1
BRF:0
BRH:0
LF:90
LH:86
end_of_record
SF:/Users/benmi/Ws/little-manager/crates/libs/lib-auth/src/pwd/scheme/error.rs
FN:16,_RNvXNtNtNtCs6tQgp8d3oEm_8lib_auth3pwd6scheme5errorNtB2_5ErrorNtNtCsfvfooZQ3Axs_4core3fmt7Display3fmt
FN:16,_RNvXNtNtNtCs9qPnKP5BYz_8lib_auth3pwd6scheme5errorNtB2_5ErrorNtNtCsfvfooZQ3Axs_4core3fmt7Display3fmt
FNDA:0,_RNvXNtNtNtCs6tQgp8d3oEm_8lib_auth3pwd6scheme5errorNtB2_5ErrorNtNtCsfvfooZQ3Axs_4core3fmt7Display3fmt
FNDA:0,_RNvXNtNtNtCs9qPnKP5BYz_8lib_auth3pwd6scheme5errorNtB2_5ErrorNtNtCsfvfooZQ3Axs_4core3fmt7Display3fmt
FNF:1
FNH:0
DA:16,0
DA:17,0
DA:18,0
DA:19,0
DA:20,0
DA:21,0
BRF:0
BRH:0
LF:6
LH:0
end_of_record
SF:/Users/benmi/Ws/little-manager/crates/libs/lib-auth/src/pwd/scheme/mod.rs
FN:29,_RNvXs0_NtNtCs6tQgp8d3oEm_8lib_auth3pwd6schemeNtB5_16SchemeDispatcherINtNtCsfvfooZQ3Axs_4core7convert4FromNtNtB5_9scheme_028Scheme02E4from
FN:29,_RNvXs_NtNtCs6tQgp8d3oEm_8lib_auth3pwd6schemeNtB4_16SchemeDispatcherINtNtCsfvfooZQ3Axs_4core7convert4FromNtNtB4_9scheme_018Scheme01E4from
FN:35,_RNvNtNtCs6tQgp8d3oEm_8lib_auth3pwd6scheme10get_scheme
FN:35,_RNvNtNtCs9qPnKP5BYz_8lib_auth3pwd6scheme10get_scheme
FN:29,_RNvXs0_NtNtCs9qPnKP5BYz_8lib_auth3pwd6schemeNtB5_16SchemeDispatcherINtNtCsfvfooZQ3Axs_4core7convert4FromNtNtB5_9scheme_028Scheme02E4from
FN:29,_RNvXs_NtNtCs9qPnKP5BYz_8lib_auth3pwd6schemeNtB4_16SchemeDispatcherINtNtCsfvfooZQ3Axs_4core7convert4FromNtNtB4_9scheme_018Scheme01E4from
FNDA:0,_RNvXs0_NtNtCs6tQgp8d3oEm_8lib_auth3pwd6schemeNtB5_16SchemeDispatcherINtNtCsfvfooZQ3Axs_4core7convert4FromNtNtB5_9scheme_028Scheme02E4from
FNDA:0,_RNvXs_NtNtCs6tQgp8d3oEm_8lib_auth3pwd6schemeNtB4_16SchemeDispatcherINtNtCsfvfooZQ3Axs_4core7convert4FromNtNtB4_9scheme_018Scheme01E4from
FNDA:2,_RNvNtNtCs6tQgp8d3oEm_8lib_auth3pwd6scheme10get_scheme
FNDA:2,_RNvNtNtCs9qPnKP5BYz_8lib_auth3pwd6scheme10get_scheme
FNDA:0,_RNvXs0_NtNtCs9qPnKP5BYz_8lib_auth3pwd6schemeNtB5_16SchemeDispatcherINtNtCsfvfooZQ3Axs_4core7convert4FromNtNtB5_9scheme_028Scheme02E4from
FNDA:0,_RNvXs_NtNtCs9qPnKP5BYz_8lib_auth3pwd6schemeNtB4_16SchemeDispatcherINtNtCsfvfooZQ3Axs_4core7convert4FromNtNtB4_9scheme_018Scheme01E4from
FNF:2
FNH:1
DA:29,0
DA:35,4
DA:36,4
DA:37,4
DA:38,2
DA:39,0
DA:41,4
BRF:0
BRH:0
LF:7
LH:5
end_of_record
SF:/Users/benmi/Ws/little-manager/crates/libs/lib-auth/src/pwd/scheme/scheme_01.rs
FN:58,_RNvNtNtNtNtCs6tQgp8d3oEm_8lib_auth3pwd6scheme9scheme_015testss_32test_scheme_01_hash_into_b64u_ok
FN:27,_RNvNtNtNtCs6tQgp8d3oEm_8lib_auth3pwd6scheme9scheme_014hash
FN:12,_RNvXNtNtNtCs6tQgp8d3oEm_8lib_auth3pwd6scheme9scheme_01NtB2_8Scheme01NtB4_6Scheme4hash
FN:17,_RNvXNtNtNtCs6tQgp8d3oEm_8lib_auth3pwd6scheme9scheme_01NtB2_8Scheme01NtB4_6Scheme8validate
FN:32,_RNCNvNtNtNtCs6tQgp8d3oEm_8lib_auth3pwd6scheme9scheme_014hash0B9_
FN:32,_RNCNvNtNtNtCs9qPnKP5BYz_8lib_auth3pwd6scheme9scheme_014hash0B9_
FN:27,_RNvNtNtNtCs9qPnKP5BYz_8lib_auth3pwd6scheme9scheme_014hash
FN:12,_RNvXNtNtNtCs9qPnKP5BYz_8lib_auth3pwd6scheme9scheme_01NtB2_8Scheme01NtB4_6Scheme4hash
FN:17,_RNvXNtNtNtCs9qPnKP5BYz_8lib_auth3pwd6scheme9scheme_01NtB2_8Scheme01NtB4_6Scheme8validate
FNDA:1,_RNvNtNtNtNtCs6tQgp8d3oEm_8lib_auth3pwd6scheme9scheme_015testss_32test_scheme_01_hash_into_b64u_ok
FNDA:3,_RNvNtNtNtCs6tQgp8d3oEm_8lib_auth3pwd6scheme9scheme_014hash
FNDA:2,_RNvXNtNtNtCs6tQgp8d3oEm_8lib_auth3pwd6scheme9scheme_01NtB2_8Scheme01NtB4_6Scheme4hash
FNDA:1,_RNvXNtNtNtCs6tQgp8d3oEm_8lib_auth3pwd6scheme9scheme_01NtB2_8Scheme01NtB4_6Scheme8validate
FNDA:0,_RNCNvNtNtNtCs6tQgp8d3oEm_8lib_auth3pwd6scheme9scheme_014hash0B9_
FNDA:0,_RNCNvNtNtNtCs9qPnKP5BYz_8lib_auth3pwd6scheme9scheme_014hash0B9_
FNDA:0,_RNvNtNtNtCs9qPnKP5BYz_8lib_auth3pwd6scheme9scheme_014hash
FNDA:0,_RNvXNtNtNtCs9qPnKP5BYz_8lib_auth3pwd6scheme9scheme_01NtB2_8Scheme01NtB4_6Scheme4hash
FNDA:0,_RNvXNtNtNtCs9qPnKP5BYz_8lib_auth3pwd6scheme9scheme_01NtB2_8Scheme01NtB4_6Scheme8validate
FNF:5
FNH:4
DA:12,2
DA:13,2
DA:14,2
DA:15,2
DA:17,1
DA:18,1
DA:19,1
DA:20,1
DA:22,0
DA:24,1
DA:27,3
DA:28,3
DA:31,3
DA:32,3
DA:35,3
DA:36,3
DA:37,3
DA:38,3
DA:39,3
DA:40,3
DA:41,3
DA:42,3
DA:43,3
DA:44,3
DA:45,3
DA:58,1
DA:60,1
DA:61,1
DA:62,1
DA:63,1
DA:64,1
DA:65,1
DA:66,1
DA:69,1
DA:72,1
DA:74,1
DA:75,1
BRF:0
BRH:0
LF:38
LH:36
end_of_record
SF:/Users/benmi/Ws/little-manager/crates/libs/lib-auth/src/pwd/scheme/scheme_02.rs
FN:43,_RNvNtNtNtCs6tQgp8d3oEm_8lib_auth3pwd6scheme9scheme_0210get_argon2
FN:14,_RNvXNtNtNtCs6tQgp8d3oEm_8lib_auth3pwd6scheme9scheme_02NtB2_8Scheme02NtB4_6Scheme4hash
FN:28,_RNvXNtNtNtCs6tQgp8d3oEm_8lib_auth3pwd6scheme9scheme_02NtB2_8Scheme02NtB4_6Scheme8validate
FN:69,_RNvNtNtNtNtCs6tQgp8d3oEm_8lib_auth3pwd6scheme9scheme_025testss_32test_scheme_02_hash_into_b64u_ok
FN:46,_RNCNvNtNtNtCs6tQgp8d3oEm_8lib_auth3pwd6scheme9scheme_0210get_argon20B9_
FN:18,_RNCNvXNtNtNtCs6tQgp8d3oEm_8lib_auth3pwd6scheme9scheme_02NtB4_8Scheme02NtB6_6Scheme4hash0Ba_
FN:22,_RNCNvXNtNtNtCs6tQgp8d3oEm_8lib_auth3pwd6scheme9scheme_02NtB4_8Scheme02NtB6_6Scheme4hashs_0Ba_
FN:35,_RNCNvXNtNtNtCs6tQgp8d3oEm_8lib_auth3pwd6scheme9scheme_02NtB4_8Scheme02NtB6_6Scheme8validate0Ba_
FN:39,_RNCNvXNtNtNtCs6tQgp8d3oEm_8lib_auth3pwd6scheme9scheme_02NtB4_8Scheme02NtB6_6Scheme8validates_0Ba_
FN:46,_RNCNvNtNtNtCs9qPnKP5BYz_8lib_auth3pwd6scheme9scheme_0210get_argon20B9_
FN:18,_RNCNvXNtNtNtCs9qPnKP5BYz_8lib_auth3pwd6scheme9scheme_02NtB4_8Scheme02NtB6_6Scheme4hash0Ba_
FN:22,_RNCNvXNtNtNtCs9qPnKP5BYz_8lib_auth3pwd6scheme9scheme_02NtB4_8Scheme02NtB6_6Scheme4hashs_0Ba_
FN:35,_RNCNvXNtNtNtCs9qPnKP5BYz_8lib_auth3pwd6scheme9scheme_02NtB4_8Scheme02NtB6_6Scheme8validate0Ba_
FN:39,_RNCNvXNtNtNtCs9qPnKP5BYz_8lib_auth3pwd6scheme9scheme_02NtB4_8Scheme02NtB6_6Scheme8validates_0Ba_
FN:43,_RNvNtNtNtCs9qPnKP5BYz_8lib_auth3pwd6scheme9scheme_0210get_argon2
FN:14,_RNvXNtNtNtCs9qPnKP5BYz_8lib_auth3pwd6scheme9scheme_02NtB2_8Scheme02NtB4_6Scheme4hash
FN:28,_RNvXNtNtNtCs9qPnKP5BYz_8lib_auth3pwd6scheme9scheme_02NtB2_8Scheme02NtB4_6Scheme8validate
FNDA:1,_RNvNtNtNtCs6tQgp8d3oEm_8lib_auth3pwd6scheme9scheme_0210get_argon2
FNDA:1,_RNvXNtNtNtCs6tQgp8d3oEm_8lib_auth3pwd6scheme9scheme_02NtB2_8Scheme02NtB4_6Scheme4hash
FNDA:0,_RNvXNtNtNtCs6tQgp8d3oEm_8lib_auth3pwd6scheme9scheme_02NtB2_8Scheme02NtB4_6Scheme8validate
FNDA:1,_RNvNtNtNtNtCs6tQgp8d3oEm_8lib_auth3pwd6scheme9scheme_025testss_32test_scheme_02_hash_into_b64u_ok
FNDA:1,_RNCNvNtNtNtCs6tQgp8d3oEm_8lib_auth3pwd6scheme9scheme_0210get_argon20B9_
FNDA:0,_RNCNvXNtNtNtCs6tQgp8d3oEm_8lib_auth3pwd6scheme9scheme_02NtB4_8Scheme02NtB6_6Scheme4hash0Ba_
FNDA:0,_RNCNvXNtNtNtCs6tQgp8d3oEm_8lib_auth3pwd6scheme9scheme_02NtB4_8Scheme02NtB6_6Scheme4hashs_0Ba_
FNDA:0,_RNCNvXNtNtNtCs6tQgp8d3oEm_8lib_auth3pwd6scheme9scheme_02NtB4_8Scheme02NtB6_6Scheme8validate0Ba_
FNDA:0,_RNCNvXNtNtNtCs6tQgp8d3oEm_8lib_auth3pwd6scheme9scheme_02NtB4_8Scheme02NtB6_6Scheme8validates_0Ba_
FNDA:1,_RNCNvNtNtNtCs9qPnKP5BYz_8lib_auth3pwd6scheme9scheme_0210get_argon20B9_
FNDA:0,_RNCNvXNtNtNtCs9qPnKP5BYz_8lib_auth3pwd6scheme9scheme_02NtB4_8Scheme02NtB6_6Scheme4hash0Ba_
FNDA:0,_RNCNvXNtNtNtCs9qPnKP5BYz_8lib_auth3pwd6scheme9scheme_02NtB4_8Scheme02NtB6_6Scheme4hashs_0Ba_
FNDA:0,_RNCNvXNtNtNtCs9qPnKP5BYz_8lib_auth3pwd6scheme9scheme_02NtB4_8Scheme02NtB6_6Scheme8validate0Ba_
FNDA:0,_RNCNvXNtNtNtCs9qPnKP5BYz_8lib_auth3pwd6scheme9scheme_02NtB4_8Scheme02NtB6_6Scheme8validates_0Ba_
FNDA:2,_RNvNtNtNtCs9qPnKP5BYz_8lib_auth3pwd6scheme9scheme_0210get_argon2
FNDA:2,_RNvXNtNtNtCs9qPnKP5BYz_8lib_auth3pwd6scheme9scheme_02NtB2_8Scheme02NtB4_6Scheme4hash
FNDA:0,_RNvXNtNtNtCs9qPnKP5BYz_8lib_auth3pwd6scheme9scheme_02NtB2_8Scheme02NtB4_6Scheme8validate
FNF:9
FNH:4
DA:14,3
DA:15,3
DA:17,3
DA:18,3
DA:20,3
DA:21,3
DA:22,3
DA:23,3
DA:24,3
DA:25,3
DA:26,3
DA:28,0
DA:29,0
DA:30,0
DA:31,0
DA:32,0
DA:33,0
DA:35,0
DA:37,0
DA:38,0
DA:39,0
DA:40,0
DA:43,3
DA:46,3
DA:47,2
DA:48,2
DA:49,2
DA:50,2
DA:51,2
DA:52,2
DA:53,2
DA:54,2
DA:55,3
DA:56,3
DA:69,1
DA:71,1
DA:72,1
DA:73,1
DA:75,1
DA:76,1
DA:77,1
DA:78,1
DA:79,1
DA:82,1
DA:84,1
DA:85,1
BRF:0
BRH:0
LF:52
LH:37
end_of_record
SF:/Users/benmi/Ws/little-manager/crates/libs/lib-auth/src/token/error.rs
FN:19,_RNvXNtNtCs6tQgp8d3oEm_8lib_auth5token5errorNtB2_5ErrorNtNtCsfvfooZQ3Axs_4core3fmt7Display3fmt
FN:19,_RNvXNtNtCs9qPnKP5BYz_8lib_auth5token5errorNtB2_5ErrorNtNtCsfvfooZQ3Axs_4core3fmt7Display3fmt
FNDA:0,_RNvXNtNtCs6tQgp8d3oEm_8lib_auth5token5errorNtB2_5ErrorNtNtCsfvfooZQ3Axs_4core3fmt7Display3fmt
FNDA:0,_RNvXNtNtCs9qPnKP5BYz_8lib_auth5token5errorNtB2_5ErrorNtNtCsfvfooZQ3Axs_4core3fmt7Display3fmt
FNF:1
FNH:0
DA:19,0
DA:20,0
DA:21,0
DA:22,0
DA:23,0
DA:24,0
BRF:0
BRH:0
LF:6
LH:0
end_of_record
SF:/Users/benmi/Ws/little-manager/crates/libs/lib-auth/src/token/mod.rs
FN:65,_RNvNtCs6tQgp8d3oEm_8lib_auth5token18generate_web_token
FN:115,_RNCNvNtCs6tQgp8d3oEm_8lib_auth5token27validate_token_sign_and_exp0B5_
FN:39,_RNCNvXNtCs6tQgp8d3oEm_8lib_auth5tokenNtB4_5TokenNtNtNtCsfvfooZQ3Axs_4core3str6traits7FromStr8from_str0B6_
FN:42,_RNCNvXNtCs6tQgp8d3oEm_8lib_auth5tokenNtB4_5TokenNtNtNtCsfvfooZQ3Axs_4core3str6traits7FromStr8from_strs_0B6_
FN:81,_RNvNtCs6tQgp8d3oEm_8lib_auth5token14generate_token
FN:70,_RNvNtCs6tQgp8d3oEm_8lib_auth5token18validate_web_token
FN:127,_RNvNtCs6tQgp8d3oEm_8lib_auth5token20token_sign_into_b64u
FN:101,_RNvNtCs6tQgp8d3oEm_8lib_auth5token27validate_token_sign_and_exp
FN:30,_RNvXNtCs6tQgp8d3oEm_8lib_auth5tokenNtB2_5TokenNtNtNtCsfvfooZQ3Axs_4core3str6traits7FromStr8from_str
FN:50,_RNvXs_NtCs6tQgp8d3oEm_8lib_auth5tokenNtB4_5TokenNtNtCsfvfooZQ3Axs_4core3fmt7Display3fmt
FN:165,_RNvNtNtCs6tQgp8d3oEm_8lib_auth5token5testss_21test_token_display_ok
FN:182,_RNvNtNtCs6tQgp8d3oEm_8lib_auth5token5testss_22test_token_from_str_ok
FN:202,_RNvNtNtCs6tQgp8d3oEm_8lib_auth5token5testss_32test_token_validate_web_token_ok
FN:222,_RNvNtNtCs6tQgp8d3oEm_8lib_auth5token5testss_41test_token_validate_web_token_err_expired
FN:115,_RNCNvNtCs9qPnKP5BYz_8lib_auth5token27validate_token_sign_and_exp0B5_
FN:39,_RNCNvXNtCs9qPnKP5BYz_8lib_auth5tokenNtB4_5TokenNtNtNtCsfvfooZQ3Axs_4core3str6traits7FromStr8from_str0B6_
FN:42,_RNCNvXNtCs9qPnKP5BYz_8lib_auth5tokenNtB4_5TokenNtNtNtCsfvfooZQ3Axs_4core3str6traits7FromStr8from_strs_0B6_
FNDA:0,_RNvNtCs6tQgp8d3oEm_8lib_auth5token18generate_web_token
FNDA:0,_RNCNvNtCs6tQgp8d3oEm_8lib_auth5token27validate_token_sign_and_exp0B5_
FNDA:0,_RNCNvXNtCs6tQgp8d3oEm_8lib_auth5tokenNtB4_5TokenNtNtNtCsfvfooZQ3Axs_4core3str6traits7FromStr8from_str0B6_
FNDA:0,_RNCNvXNtCs6tQgp8d3oEm_8lib_auth5tokenNtB4_5TokenNtNtNtCsfvfooZQ3Axs_4core3str6traits7FromStr8from_strs_0B6_
FNDA:2,_RNvNtCs6tQgp8d3oEm_8lib_auth5token14generate_token
FNDA:2,_RNvNtCs6tQgp8d3oEm_8lib_auth5token18validate_web_token
FNDA:4,_RNvNtCs6tQgp8d3oEm_8lib_auth5token20token_sign_into_b64u
FNDA:2,_RNvNtCs6tQgp8d3oEm_8lib_auth5token27validate_token_sign_and_exp
FNDA:1,_RNvXNtCs6tQgp8d3oEm_8lib_auth5tokenNtB2_5TokenNtNtNtCsfvfooZQ3Axs_4core3str6traits7FromStr8from_str
FNDA:1,_RNvXs_NtCs6tQgp8d3oEm_8lib_auth5tokenNtB4_5TokenNtNtCsfvfooZQ3Axs_4core3fmt7Display3fmt
FNDA:1,_RNvNtNtCs6tQgp8d3oEm_8lib_auth5token5testss_21test_token_display_ok
FNDA:1,_RNvNtNtCs6tQgp8d3oEm_8lib_auth5token5testss_22test_token_from_str_ok
FNDA:1,_RNvNtNtCs6tQgp8d3oEm_8lib_auth5token5testss_32test_token_validate_web_token_ok
FNDA:1,_RNvNtNtCs6tQgp8d3oEm_8lib_auth5token5testss_41test_token_validate_web_token_err_expired
FNDA:0,_RNCNvNtCs9qPnKP5BYz_8lib_auth5token27validate_token_sign_and_exp0B5_
FNDA:0,_RNCNvXNtCs9qPnKP5BYz_8lib_auth5tokenNtB4_5TokenNtNtNtCsfvfooZQ3Axs_4core3str6traits7FromStr8from_str0B6_
FNDA:0,_RNCNvXNtCs9qPnKP5BYz_8lib_auth5tokenNtB4_5TokenNtNtNtCsfvfooZQ3Axs_4core3str6traits7FromStr8from_strs_0B6_
FNF:14
FNH:10
DA:30,1
DA:31,1
DA:32,1
DA:33,0
DA:34,1
DA:35,1
DA:36,1
DA:37,1
DA:38,1
DA:39,1
DA:41,1
DA:42,1
DA:44,1
DA:46,1
DA:50,1
DA:51,1
DA:52,1
DA:53,1
DA:54,1
DA:55,1
DA:56,1
DA:57,1
DA:58,1
DA:65,0
DA:66,0
DA:67,0
DA:68,0
DA:70,2
DA:71,2
DA:72,2
DA:74,1
DA:75,2
DA:81,2
DA:82,2
DA:83,2
DA:84,2
DA:85,2
DA:86,2
DA:87,2
DA:88,2
DA:89,2
DA:92,2
DA:94,2
DA:95,2
DA:96,2
DA:97,2
DA:98,2
DA:99,2
DA:101,2
DA:102,2
DA:103,2
DA:104,2
DA:105,2
DA:107,2
DA:108,2
DA:110,2
DA:111,0
DA:112,2
DA:115,2
DA:116,2
DA:117,2
DA:118,2
DA:119,1
DA:120,1
DA:121,1
DA:122,1
DA:123,2
DA:127,4
DA:128,4
DA:129,4
DA:130,4
DA:131,4
DA:132,4
DA:133,4
DA:134,4
DA:135,4
DA:136,4
DA:137,4
DA:138,4
DA:139,4
DA:140,4
DA:141,4
DA:142,4
DA:143,4
DA:144,4
DA:145,4
DA:146,4
DA:147,4
DA:148,4
DA:149,4
DA:165,1
DA:166,1
DA:167,1
DA:168,1
DA:169,1
DA:170,1
DA:171,1
DA:172,1
DA:173,1
DA:174,1
DA:175,1
DA:176,1
DA:178,1
DA:179,1
DA:182,1
DA:183,1
DA:184,1
DA:185,1
DA:186,1
DA:187,1
DA:188,1
DA:189,1
DA:190,1
DA:193,1
DA:196,1
DA:198,1
DA:199,1
DA:202,1
DA:203,1
DA:204,1
DA:205,1
DA:206,1
DA:207,1
DA:208,1
DA:209,1
DA:212,1
DA:213,1
DA:214,1
DA:215,1
DA:216,1
DA:218,1
DA:219,1
DA:222,1
DA:223,1
DA:224,1
DA:225,1
DA:226,1
DA:227,1
DA:228,1
DA:229,1
DA:232,1
DA:233,1
DA:234,1
DA:235,1
DA:236,1
DA:237,1
DA:238,0
DA:241,1
DA:242,1
BRF:0
BRH:0
LF:152
LH:142
end_of_record
SF:/Users/benmi/Ws/little-manager/crates/libs/lib-core/src/_dev_utils/dev_db.rs
FN:24,_RNvNtNtCsitYIkg1Iwaa_8lib_core10__dev_utils6dev_db11init_dev_db
FN:96,_RNvNtNtCsitYIkg1Iwaa_8lib_core10__dev_utils6dev_db11new_db_pool
FN:80,_RNvNtNtCsitYIkg1Iwaa_8lib_core10__dev_utils6dev_db5pexec
FN:49,_RNCNCNCNvNtNtCsitYIkg1Iwaa_8lib_core10__dev_utils6dev_db11init_dev_db0s_00Bb_
FN:33,_RNCNCNvNtNtCsitYIkg1Iwaa_8lib_core10__dev_utils6dev_db11init_dev_db00B9_
FN:49,_RNCNCNvNtNtCsitYIkg1Iwaa_8lib_core10__dev_utils6dev_db11init_dev_db0s_0B9_
FN:24,_RNCNvNtNtCsitYIkg1Iwaa_8lib_core10__dev_utils6dev_db11init_dev_db0B7_
FN:96,_RNCNvNtNtCsitYIkg1Iwaa_8lib_core10__dev_utils6dev_db11new_db_pool0B7_
FN:80,_RNCNvNtNtCsitYIkg1Iwaa_8lib_core10__dev_utils6dev_db5pexec0B7_
FNDA:1,_RNvNtNtCsitYIkg1Iwaa_8lib_core10__dev_utils6dev_db11init_dev_db
FNDA:2,_RNvNtNtCsitYIkg1Iwaa_8lib_core10__dev_utils6dev_db11new_db_pool
FNDA:3,_RNvNtNtCsitYIkg1Iwaa_8lib_core10__dev_utils6dev_db5pexec
FNDA:3,_RNCNCNCNvNtNtCsitYIkg1Iwaa_8lib_core10__dev_utils6dev_db11init_dev_db0s_00Bb_
FNDA:1,_RNCNCNvNtNtCsitYIkg1Iwaa_8lib_core10__dev_utils6dev_db11init_dev_db00B9_
FNDA:3,_RNCNCNvNtNtCsitYIkg1Iwaa_8lib_core10__dev_utils6dev_db11init_dev_db0s_0B9_
FNDA:1,_RNCNvNtNtCsitYIkg1Iwaa_8lib_core10__dev_utils6dev_db11init_dev_db0B7_
FNDA:2,_RNCNvNtNtCsitYIkg1Iwaa_8lib_core10__dev_utils6dev_db11new_db_pool0B7_
FNDA:3,_RNCNvNtNtCsitYIkg1Iwaa_8lib_core10__dev_utils6dev_db5pexec0B7_
FNF:9
FNH:9
DA:24,1
DA:25,1
DA:30,1
DA:31,1
DA:32,1
DA:33,1
DA:34,1
DA:36,0
DA:38,1
DA:39,1
DA:40,1
DA:41,1
DA:42,1
DA:43,1
DA:44,1
DA:48,1
DA:49,3
DA:50,1
DA:51,1
DA:54,1
DA:56,4
DA:57,3
DA:58,3
DA:59,3
DA:60,3
DA:62,2
DA:63,1
DA:67,1
DA:68,1
DA:71,1
DA:72,1
DA:73,1
DA:74,1
DA:75,1
DA:77,1
DA:78,1
DA:80,3
DA:81,3
DA:84,3
DA:87,3
DA:89,26
DA:90,23
DA:93,3
DA:94,3
DA:96,2
DA:97,2
DA:98,2
DA:99,2
DA:100,2
DA:101,2
DA:102,2
BRF:0
BRH:0
LF:57
LH:56
end_of_record
SF:/Users/benmi/Ws/little-manager/crates/libs/lib-core/src/_dev_utils/mod.rs
FN:63,_RNvNtCsitYIkg1Iwaa_8lib_core10__dev_utils10seed_tasks
FN:47,_RNvNtCsitYIkg1Iwaa_8lib_core10__dev_utils12seed_project
FN:137,_RNvNtCsitYIkg1Iwaa_8lib_core10__dev_utils14seed_tasktimes
FN:111,_RNvNtCsitYIkg1Iwaa_8lib_core10__dev_utils16seed_timerecords
FN:165,_RNvNtCsitYIkg1Iwaa_8lib_core10__dev_utils19seed_taskprogresses
FN:22,_RNvNtCsitYIkg1Iwaa_8lib_core10__dev_utils8init_dev
FN:34,_RNvNtCsitYIkg1Iwaa_8lib_core10__dev_utils9init_test
FN:91,_RNvNtCsitYIkg1Iwaa_8lib_core10__dev_utils9seed_task
FN:25,_RNCNCNCNvNtCsitYIkg1Iwaa_8lib_core10__dev_utils8init_dev000B9_
FN:38,_RNCNCNCNvNtCsitYIkg1Iwaa_8lib_core10__dev_utils9init_test000B9_
FN:29,_RNCNCNvNtCsitYIkg1Iwaa_8lib_core10__dev_utils8init_dev00B7_
FN:41,_RNCNCNvNtCsitYIkg1Iwaa_8lib_core10__dev_utils9init_test00B7_
FN:69,_RNCNvNtCsitYIkg1Iwaa_8lib_core10__dev_utils10seed_tasks0B5_
FN:51,_RNCNvNtCsitYIkg1Iwaa_8lib_core10__dev_utils12seed_project0B5_
FN:142,_RNCNvNtCsitYIkg1Iwaa_8lib_core10__dev_utils14seed_tasktimes0B5_
FN:115,_RNCNvNtCsitYIkg1Iwaa_8lib_core10__dev_utils16seed_timerecords0B5_
FN:170,_RNCNvNtCsitYIkg1Iwaa_8lib_core10__dev_utils19seed_taskprogresses0B5_
FN:22,_RNCNvNtCsitYIkg1Iwaa_8lib_core10__dev_utils8init_dev0B5_
FN:34,_RNCNvNtCsitYIkg1Iwaa_8lib_core10__dev_utils9init_test0B5_
FN:97,_RNCNvNtCsitYIkg1Iwaa_8lib_core10__dev_utils9seed_task0B5_
FNDA:8,_RNvNtCsitYIkg1Iwaa_8lib_core10__dev_utils10seed_tasks
FNDA:18,_RNvNtCsitYIkg1Iwaa_8lib_core10__dev_utils12seed_project
FNDA:6,_RNvNtCsitYIkg1Iwaa_8lib_core10__dev_utils14seed_tasktimes
FNDA:6,_RNvNtCsitYIkg1Iwaa_8lib_core10__dev_utils16seed_timerecords
FNDA:8,_RNvNtCsitYIkg1Iwaa_8lib_core10__dev_utils19seed_taskprogresses
FNDA:1,_RNvNtCsitYIkg1Iwaa_8lib_core10__dev_utils8init_dev
FNDA:34,_RNvNtCsitYIkg1Iwaa_8lib_core10__dev_utils9init_test
FNDA:11,_RNvNtCsitYIkg1Iwaa_8lib_core10__dev_utils9seed_task
FNDA:1,_RNCNCNCNvNtCsitYIkg1Iwaa_8lib_core10__dev_utils8init_dev000B9_
FNDA:1,_RNCNCNCNvNtCsitYIkg1Iwaa_8lib_core10__dev_utils9init_test000B9_
FNDA:1,_RNCNCNvNtCsitYIkg1Iwaa_8lib_core10__dev_utils8init_dev00B7_
FNDA:1,_RNCNCNvNtCsitYIkg1Iwaa_8lib_core10__dev_utils9init_test00B7_
FNDA:8,_RNCNvNtCsitYIkg1Iwaa_8lib_core10__dev_utils10seed_tasks0B5_
FNDA:18,_RNCNvNtCsitYIkg1Iwaa_8lib_core10__dev_utils12seed_project0B5_
FNDA:6,_RNCNvNtCsitYIkg1Iwaa_8lib_core10__dev_utils14seed_tasktimes0B5_
FNDA:6,_RNCNvNtCsitYIkg1Iwaa_8lib_core10__dev_utils16seed_timerecords0B5_
FNDA:8,_RNCNvNtCsitYIkg1Iwaa_8lib_core10__dev_utils19seed_taskprogresses0B5_
FNDA:1,_RNCNvNtCsitYIkg1Iwaa_8lib_core10__dev_utils8init_dev0B5_
FNDA:34,_RNCNvNtCsitYIkg1Iwaa_8lib_core10__dev_utils9init_test0B5_
FNDA:11,_RNCNvNtCsitYIkg1Iwaa_8lib_core10__dev_utils9seed_task0B5_
FNF:20
FNH:20
DA:22,1
DA:25,1
DA:26,1
DA:28,1
DA:29,1
DA:30,1
DA:31,1
DA:34,34
DA:37,34
DA:38,34
DA:39,1
DA:40,1
DA:41,34
DA:42,34
DA:44,34
DA:45,34
DA:47,18
DA:48,18
DA:49,18
DA:50,18
DA:51,18
DA:52,18
DA:53,18
DA:54,18
DA:55,18
DA:56,18
DA:57,18
DA:58,18
DA:59,18
DA:60,18
DA:61,18
DA:63,8
DA:64,8
DA:65,8
DA:66,8
DA:67,8
DA:68,8
DA:69,8
DA:70,8
DA:72,28
DA:73,20
DA:74,20
DA:75,20
DA:76,20
DA:77,20
DA:78,20
DA:79,20
DA:80,20
DA:81,20
DA:82,20
DA:83,20
DA:85,20
DA:88,8
DA:89,8
DA:91,11
DA:92,11
DA:93,11
DA:94,11
DA:95,11
DA:96,11
DA:97,11
DA:98,11
DA:99,11
DA:100,11
DA:101,11
DA:102,11
DA:103,11
DA:104,11
DA:105,11
DA:106,11
DA:107,11
DA:108,11
DA:109,11
DA:111,6
DA:112,6
DA:113,6
DA:114,6
DA:115,6
DA:116,6
DA:118,20
DA:119,14
DA:120,14
DA:121,14
DA:122,14
DA:123,14
DA:124,14
DA:125,14
DA:126,14
DA:127,14
DA:128,14
DA:129,14
DA:131,14
DA:134,6
DA:135,6
DA:137,6
DA:138,6
DA:139,6
DA:140,6
DA:141,6
DA:142,6
DA:143,6
DA:145,20
DA:146,14
DA:147,14
DA:148,14
DA:149,14
DA:150,14
DA:151,14
DA:152,14
DA:153,14
DA:154,14
DA:155,14
DA:156,14
DA:157,14
DA:159,14
DA:162,6
DA:163,6
DA:165,8
DA:166,8
DA:167,8
DA:168,8
DA:169,8
DA:170,8
DA:171,8
DA:173,27
DA:174,19
DA:175,19
DA:176,19
DA:177,19
DA:178,19
DA:179,19
DA:180,19
DA:181,19
DA:182,19
DA:183,19
DA:185,19
DA:188,8
DA:189,8
BRF:0
BRH:0
LF:152
LH:152
end_of_record
SF:/Users/benmi/Ws/little-manager/crates/libs/lib-core/src/config.rs
FN:8,_RNCNCNvNtCsitYIkg1Iwaa_8lib_core6config11core_config00B7_
FN:7,_RNCNvNtCsitYIkg1Iwaa_8lib_core6config11core_config0B5_
FN:24,_RNvMNtCsitYIkg1Iwaa_8lib_core6configNtB2_10CoreConfig13load_from_env
FN:4,_RNvNtCsitYIkg1Iwaa_8lib_core6config11core_config
FNDA:0,_RNCNCNvNtCsitYIkg1Iwaa_8lib_core6config11core_config00B7_
FNDA:1,_RNCNvNtCsitYIkg1Iwaa_8lib_core6config11core_config0B5_
FNDA:1,_RNvMNtCsitYIkg1Iwaa_8lib_core6configNtB2_10CoreConfig13load_from_env
FNDA:2,_RNvNtCsitYIkg1Iwaa_8lib_core6config11core_config
FNF:4
FNH:3
DA:4,2
DA:7,2
DA:8,1
DA:9,0
DA:10,1
DA:11,2
DA:12,2
DA:24,1
DA:25,1
DA:26,1
DA:27,1
DA:30,1
DA:32,1
BRF:0
BRH:0
LF:16
LH:14
end_of_record
SF:/Users/benmi/Ws/little-manager/crates/libs/lib-core/src/ctx/error.rs
FN:12,_RNvXNtNtCsitYIkg1Iwaa_8lib_core3ctx5errorNtB2_5ErrorNtNtCsfvfooZQ3Axs_4core3fmt7Display3fmt
FNDA:0,_RNvXNtNtCsitYIkg1Iwaa_8lib_core3ctx5errorNtB2_5ErrorNtNtCsfvfooZQ3Axs_4core3fmt7Display3fmt
FNF:1
FNH:0
DA:12,0
DA:13,0
DA:14,0
DA:15,0
DA:16,0
DA:17,0
BRF:0
BRH:0
LF:6
LH:0
end_of_record
SF:/Users/benmi/Ws/little-manager/crates/libs/lib-core/src/ctx/mod.rs
FN:21,_RNvMNtCsitYIkg1Iwaa_8lib_core3ctxNtB2_3Ctx3new
FN:17,_RNvMNtCsitYIkg1Iwaa_8lib_core3ctxNtB2_3Ctx8root_ctx
FN:32,_RNvMs_NtCsitYIkg1Iwaa_8lib_core3ctxNtB4_3Ctx7user_id
FNDA:0,_RNvMNtCsitYIkg1Iwaa_8lib_core3ctxNtB2_3Ctx3new
FNDA:35,_RNvMNtCsitYIkg1Iwaa_8lib_core3ctxNtB2_3Ctx8root_ctx
FNDA:125,_RNvMs_NtCsitYIkg1Iwaa_8lib_core3ctxNtB4_3Ctx7user_id
FNF:3
FNH:2
DA:17,35
DA:18,35
DA:19,35
DA:21,0
DA:22,0
DA:23,0
DA:25,0
DA:27,0
DA:32,125
DA:33,125
DA:34,125
BRF:0
BRH:0
LF:11
LH:6
end_of_record
SF:/Users/benmi/Ws/little-manager/crates/libs/lib-core/src/model/base/crud_fns.rs
FN:89,_RINvNtNtNtCsitYIkg1Iwaa_8lib_core5model4base8crud_fns3getNtNtB6_10timerecord13TimeRecordBmcNtBV_10TimeRecordEB8_
FN:89,_RINvNtNtNtCsitYIkg1Iwaa_8lib_core5model4base8crud_fns3getNtNtB6_12taskprogress15TaskProgressBmcNtBV_12TaskProgressEB8_
FN:89,_RINvNtNtNtCsitYIkg1Iwaa_8lib_core5model4base8crud_fns3getNtNtB6_4task7TaskBmcNtBV_4TaskEB8_
FN:89,_RINvNtNtNtCsitYIkg1Iwaa_8lib_core5model4base8crud_fns3getNtNtB6_4user7UserBmcNtBV_12UserForLoginEB8_
FN:89,_RINvNtNtNtCsitYIkg1Iwaa_8lib_core5model4base8crud_fns3getNtNtB6_8tasktime11TaskTimeBmcNtBV_8TaskTimeEB8_
FN:154,_RINvNtNtNtCsitYIkg1Iwaa_8lib_core5model4base8crud_fns4listNtNtB6_10timerecord13TimeRecordBmcNtBW_10TimeRecordINtNtCse1nGBsou5OW_5alloc3vec3VecNtBW_16TimeRecordFilterEEB8_
FN:154,_RINvNtNtNtCsitYIkg1Iwaa_8lib_core5model4base8crud_fns4listNtNtB6_12taskprogress15TaskProgressBmcNtBW_12TaskProgressINtNtCse1nGBsou5OW_5alloc3vec3VecNtBW_18TaskProgressFilterEEB8_
FN:154,_RINvNtNtNtCsitYIkg1Iwaa_8lib_core5model4base8crud_fns4listNtNtB6_4task7TaskBmcNtBW_4TaskINtNtCse1nGBsou5OW_5alloc3vec3VecNtBW_10TaskFilterEEB8_
FN:154,_RINvNtNtNtCsitYIkg1Iwaa_8lib_core5model4base8crud_fns4listNtNtB6_8tasktime11TaskTimeBmcNtBW_8TaskTimeINtNtCse1nGBsou5OW_5alloc3vec3VecNtBW_14TaskTimeFilterEEB8_
FN:16,_RINvNtNtNtCsitYIkg1Iwaa_8lib_core5model4base8crud_fns6createNtNtB6_10timerecord13TimeRecordBmcNtBY_19TimeRecordForCreateEB8_
FN:16,_RINvNtNtNtCsitYIkg1Iwaa_8lib_core5model4base8crud_fns6createNtNtB6_12taskprogress15TaskProgressBmcNtBY_21TaskProgressForCreateEB8_
FN:16,_RINvNtNtNtCsitYIkg1Iwaa_8lib_core5model4base8crud_fns6createNtNtB6_4task7TaskBmcNtBY_13TaskForCreateEB8_
FN:16,_RINvNtNtNtCsitYIkg1Iwaa_8lib_core5model4base8crud_fns6createNtNtB6_4user7UserBmcNtBY_13UserForInsertEB8_
FN:16,_RINvNtNtNtCsitYIkg1Iwaa_8lib_core5model4base8crud_fns6createNtNtB6_7project10ProjectBmcNtBY_21ProjectForCreateInnerEB8_
FN:16,_RINvNtNtNtCsitYIkg1Iwaa_8lib_core5model4base8crud_fns6createNtNtB6_8tasktime11TaskTimeBmcNtBY_17TaskTimeForCreateEB8_
FN:262,_RINvNtNtNtCsitYIkg1Iwaa_8lib_core5model4base8crud_fns6deleteNtNtB6_10timerecord13TimeRecordBmcEB8_
FN:262,_RINvNtNtNtCsitYIkg1Iwaa_8lib_core5model4base8crud_fns6deleteNtNtB6_12taskprogress15TaskProgressBmcEB8_
FN:262,_RINvNtNtNtCsitYIkg1Iwaa_8lib_core5model4base8crud_fns6deleteNtNtB6_4task7TaskBmcEB8_
FN:262,_RINvNtNtNtCsitYIkg1Iwaa_8lib_core5model4base8crud_fns6deleteNtNtB6_4user7UserBmcEB8_
FN:262,_RINvNtNtNtCsitYIkg1Iwaa_8lib_core5model4base8crud_fns6deleteNtNtB6_7project10ProjectBmcEB8_
FN:262,_RINvNtNtNtCsitYIkg1Iwaa_8lib_core5model4base8crud_fns6deleteNtNtB6_8tasktime11TaskTimeBmcEB8_
FN:224,_RINvNtNtNtCsitYIkg1Iwaa_8lib_core5model4base8crud_fns6updateNtNtB6_10timerecord13TimeRecordBmcNtBY_19TimeRecordForUpdateEB8_
FN:224,_RINvNtNtNtCsitYIkg1Iwaa_8lib_core5model4base8crud_fns6updateNtNtB6_12taskprogress15TaskProgressBmcNtBY_21TaskProgressForUpdateEB8_
FN:224,_RINvNtNtNtCsitYIkg1Iwaa_8lib_core5model4base8crud_fns6updateNtNtB6_4task7TaskBmcNtBY_13TaskForUpdateEB8_
FN:224,_RINvNtNtNtCsitYIkg1Iwaa_8lib_core5model4base8crud_fns6updateNtNtB6_8tasktime11TaskTimeBmcNtBY_17TaskTimeForUpdateEB8_
FN:94,_RNCINvNtNtNtCsitYIkg1Iwaa_8lib_core5model4base8crud_fns3getNtNtB8_10timerecord13TimeRecordBmcNtBX_10TimeRecordE0Ba_
FN:94,_RNCINvNtNtNtCsitYIkg1Iwaa_8lib_core5model4base8crud_fns3getNtNtB8_12taskprogress15TaskProgressBmcNtBX_12TaskProgressE0Ba_
FN:94,_RNCINvNtNtNtCsitYIkg1Iwaa_8lib_core5model4base8crud_fns3getNtNtB8_4task7TaskBmcNtBX_4TaskE0Ba_
FN:94,_RNCINvNtNtNtCsitYIkg1Iwaa_8lib_core5model4base8crud_fns3getNtNtB8_4user7UserBmcNtBX_12UserForLoginE0Ba_
FN:94,_RNCINvNtNtNtCsitYIkg1Iwaa_8lib_core5model4base8crud_fns3getNtNtB8_8tasktime11TaskTimeBmcNtBX_8TaskTimeE0Ba_
FN:165,_RNCINvNtNtNtCsitYIkg1Iwaa_8lib_core5model4base8crud_fns4listNtNtB8_10timerecord13TimeRecordBmcNtBY_10TimeRecordINtNtCse1nGBsou5OW_5alloc3vec3VecNtBY_16TimeRecordFilterEE0Ba_
FN:165,_RNCINvNtNtNtCsitYIkg1Iwaa_8lib_core5model4base8crud_fns4listNtNtB8_12taskprogress15TaskProgressBmcNtBY_12TaskProgressINtNtCse1nGBsou5OW_5alloc3vec3VecNtBY_18TaskProgressFilterEE0Ba_
FN:165,_RNCINvNtNtNtCsitYIkg1Iwaa_8lib_core5model4base8crud_fns4listNtNtB8_4task7TaskBmcNtBY_4TaskINtNtCse1nGBsou5OW_5alloc3vec3VecNtBY_10TaskFilterEE0Ba_
FN:165,_RNCINvNtNtNtCsitYIkg1Iwaa_8lib_core5model4base8crud_fns4listNtNtB8_8tasktime11TaskTimeBmcNtBY_8TaskTimeINtNtCse1nGBsou5OW_5alloc3vec3VecNtBY_14TaskTimeFilterEE0Ba_
FN:20,_RNCINvNtNtNtCsitYIkg1Iwaa_8lib_core5model4base8crud_fns6createNtNtB8_10timerecord13TimeRecordBmcNtB10_19TimeRecordForCreateE0Ba_
FN:20,_RNCINvNtNtNtCsitYIkg1Iwaa_8lib_core5model4base8crud_fns6createNtNtB8_12taskprogress15TaskProgressBmcNtB10_21TaskProgressForCreateE0Ba_
FN:20,_RNCINvNtNtNtCsitYIkg1Iwaa_8lib_core5model4base8crud_fns6createNtNtB8_4task7TaskBmcNtB10_13TaskForCreateE0Ba_
FN:20,_RNCINvNtNtNtCsitYIkg1Iwaa_8lib_core5model4base8crud_fns6createNtNtB8_4user7UserBmcNtB10_13UserForInsertE0Ba_
FN:20,_RNCINvNtNtNtCsitYIkg1Iwaa_8lib_core5model4base8crud_fns6createNtNtB8_7project10ProjectBmcNtB10_21ProjectForCreateInnerE0Ba_
FN:20,_RNCINvNtNtNtCsitYIkg1Iwaa_8lib_core5model4base8crud_fns6createNtNtB8_8tasktime11TaskTimeBmcNtB10_17TaskTimeForCreateE0Ba_
FN:265,_RNCINvNtNtNtCsitYIkg1Iwaa_8lib_core5model4base8crud_fns6deleteNtNtB8_10timerecord13TimeRecordBmcE0Ba_
FN:265,_RNCINvNtNtNtCsitYIkg1Iwaa_8lib_core5model4base8crud_fns6deleteNtNtB8_12taskprogress15TaskProgressBmcE0Ba_
FN:265,_RNCINvNtNtNtCsitYIkg1Iwaa_8lib_core5model4base8crud_fns6deleteNtNtB8_4task7TaskBmcE0Ba_
FN:265,_RNCINvNtNtNtCsitYIkg1Iwaa_8lib_core5model4base8crud_fns6deleteNtNtB8_4user7UserBmcE0Ba_
FN:265,_RNCINvNtNtNtCsitYIkg1Iwaa_8lib_core5model4base8crud_fns6deleteNtNtB8_7project10ProjectBmcE0Ba_
FN:265,_RNCINvNtNtNtCsitYIkg1Iwaa_8lib_core5model4base8crud_fns6deleteNtNtB8_8tasktime11TaskTimeBmcE0Ba_
FN:233,_RNCINvNtNtNtCsitYIkg1Iwaa_8lib_core5model4base8crud_fns6updateNtNtB8_10timerecord13TimeRecordBmcNtB10_19TimeRecordForUpdateE0Ba_
FN:233,_RNCINvNtNtNtCsitYIkg1Iwaa_8lib_core5model4base8crud_fns6updateNtNtB8_12taskprogress15TaskProgressBmcNtB10_21TaskProgressForUpdateE0Ba_
FN:233,_RNCINvNtNtNtCsitYIkg1Iwaa_8lib_core5model4base8crud_fns6updateNtNtB8_4task7TaskBmcNtB10_13TaskForUpdateE0Ba_
FN:233,_RNCINvNtNtNtCsitYIkg1Iwaa_8lib_core5model4base8crud_fns6updateNtNtB8_8tasktime11TaskTimeBmcNtB10_17TaskTimeForUpdateE0Ba_
FN:322,_RNvNtNtNtCsitYIkg1Iwaa_8lib_core5model4base8crud_fns20compute_list_options
FNDA:17,_RINvNtNtNtCsitYIkg1Iwaa_8lib_core5model4base8crud_fns3getNtNtB6_10timerecord13TimeRecordBmcNtBV_10TimeRecordEB8_
FNDA:22,_RINvNtNtNtCsitYIkg1Iwaa_8lib_core5model4base8crud_fns3getNtNtB6_12taskprogress15TaskProgressBmcNtBV_12TaskProgressEB8_
FNDA:23,_RINvNtNtNtCsitYIkg1Iwaa_8lib_core5model4base8crud_fns3getNtNtB6_4task7TaskBmcNtBV_4TaskEB8_
FNDA:3,_RINvNtNtNtCsitYIkg1Iwaa_8lib_core5model4base8crud_fns3getNtNtB6_4user7UserBmcNtBV_12UserForLoginEB8_
FNDA:17,_RINvNtNtNtCsitYIkg1Iwaa_8lib_core5model4base8crud_fns3getNtNtB6_8tasktime11TaskTimeBmcNtBV_8TaskTimeEB8_
FNDA:4,_RINvNtNtNtCsitYIkg1Iwaa_8lib_core5model4base8crud_fns4listNtNtB6_10timerecord13TimeRecordBmcNtBW_10TimeRecordINtNtCse1nGBsou5OW_5alloc3vec3VecNtBW_16TimeRecordFilterEEB8_
FNDA:6,_RINvNtNtNtCsitYIkg1Iwaa_8lib_core5model4base8crud_fns4listNtNtB6_12taskprogress15TaskProgressBmcNtBW_12TaskProgressINtNtCse1nGBsou5OW_5alloc3vec3VecNtBW_18TaskProgressFilterEEB8_
FNDA:4,_RINvNtNtNtCsitYIkg1Iwaa_8lib_core5model4base8crud_fns4listNtNtB6_4task7TaskBmcNtBW_4TaskINtNtCse1nGBsou5OW_5alloc3vec3VecNtBW_10TaskFilterEEB8_
FNDA:4,_RINvNtNtNtCsitYIkg1Iwaa_8lib_core5model4base8crud_fns4listNtNtB6_8tasktime11TaskTimeBmcNtBW_8TaskTimeINtNtCse1nGBsou5OW_5alloc3vec3VecNtBW_14TaskTimeFilterEEB8_
FNDA:15,_RINvNtNtNtCsitYIkg1Iwaa_8lib_core5model4base8crud_fns6createNtNtB6_10timerecord13TimeRecordBmcNtBY_19TimeRecordForCreateEB8_
FNDA:20,_RINvNtNtNtCsitYIkg1Iwaa_8lib_core5model4base8crud_fns6createNtNtB6_12taskprogress15TaskProgressBmcNtBY_21TaskProgressForCreateEB8_
FNDA:32,_RINvNtNtNtCsitYIkg1Iwaa_8lib_core5model4base8crud_fns6createNtNtB6_4task7TaskBmcNtBY_13TaskForCreateEB8_
FNDA:1,_RINvNtNtNtCsitYIkg1Iwaa_8lib_core5model4base8crud_fns6createNtNtB6_4user7UserBmcNtBY_13UserForInsertEB8_
FNDA:18,_RINvNtNtNtCsitYIkg1Iwaa_8lib_core5model4base8crud_fns6createNtNtB6_7project10ProjectBmcNtBY_21ProjectForCreateInnerEB8_
FNDA:15,_RINvNtNtNtCsitYIkg1Iwaa_8lib_core5model4base8crud_fns6createNtNtB6_8tasktime11TaskTimeBmcNtBY_17TaskTimeForCreateEB8_
FNDA:12,_RINvNtNtNtCsitYIkg1Iwaa_8lib_core5model4base8crud_fns6deleteNtNtB6_10timerecord13TimeRecordBmcEB8_
FNDA:2,_RINvNtNtNtCsitYIkg1Iwaa_8lib_core5model4base8crud_fns6deleteNtNtB6_12taskprogress15TaskProgressBmcEB8_
FNDA:2,_RINvNtNtNtCsitYIkg1Iwaa_8lib_core5model4base8crud_fns6deleteNtNtB6_4task7TaskBmcEB8_
FNDA:1,_RINvNtNtNtCsitYIkg1Iwaa_8lib_core5model4base8crud_fns6deleteNtNtB6_4user7UserBmcEB8_
FNDA:15,_RINvNtNtNtCsitYIkg1Iwaa_8lib_core5model4base8crud_fns6deleteNtNtB6_7project10ProjectBmcEB8_
FNDA:4,_RINvNtNtNtCsitYIkg1Iwaa_8lib_core5model4base8crud_fns6deleteNtNtB6_8tasktime11TaskTimeBmcEB8_
FNDA:1,_RINvNtNtNtCsitYIkg1Iwaa_8lib_core5model4base8crud_fns6updateNtNtB6_10timerecord13TimeRecordBmcNtBY_19TimeRecordForUpdateEB8_
FNDA:1,_RINvNtNtNtCsitYIkg1Iwaa_8lib_core5model4base8crud_fns6updateNtNtB6_12taskprogress15TaskProgressBmcNtBY_21TaskProgressForUpdateEB8_
FNDA:1,_RINvNtNtNtCsitYIkg1Iwaa_8lib_core5model4base8crud_fns6updateNtNtB6_4task7TaskBmcNtBY_13TaskForUpdateEB8_
FNDA:1,_RINvNtNtNtCsitYIkg1Iwaa_8lib_core5model4base8crud_fns6updateNtNtB6_8tasktime11TaskTimeBmcNtBY_17TaskTimeForUpdateEB8_
FNDA:17,_RNCINvNtNtNtCsitYIkg1Iwaa_8lib_core5model4base8crud_fns3getNtNtB8_10timerecord13TimeRecordBmcNtBX_10TimeRecordE0Ba_
FNDA:22,_RNCINvNtNtNtCsitYIkg1Iwaa_8lib_core5model4base8crud_fns3getNtNtB8_12taskprogress15TaskProgressBmcNtBX_12TaskProgressE0Ba_
FNDA:23,_RNCINvNtNtNtCsitYIkg1Iwaa_8lib_core5model4base8crud_fns3getNtNtB8_4task7TaskBmcNtBX_4TaskE0Ba_
FNDA:3,_RNCINvNtNtNtCsitYIkg1Iwaa_8lib_core5model4base8crud_fns3getNtNtB8_4user7UserBmcNtBX_12UserForLoginE0Ba_
FNDA:17,_RNCINvNtNtNtCsitYIkg1Iwaa_8lib_core5model4base8crud_fns3getNtNtB8_8tasktime11TaskTimeBmcNtBX_8TaskTimeE0Ba_
FNDA:4,_RNCINvNtNtNtCsitYIkg1Iwaa_8lib_core5model4base8crud_fns4listNtNtB8_10timerecord13TimeRecordBmcNtBY_10TimeRecordINtNtCse1nGBsou5OW_5alloc3vec3VecNtBY_16TimeRecordFilterEE0Ba_
FNDA:6,_RNCINvNtNtNtCsitYIkg1Iwaa_8lib_core5model4base8crud_fns4listNtNtB8_12taskprogress15TaskProgressBmcNtBY_12TaskProgressINtNtCse1nGBsou5OW_5alloc3vec3VecNtBY_18TaskProgressFilterEE0Ba_
FNDA:4,_RNCINvNtNtNtCsitYIkg1Iwaa_8lib_core5model4base8crud_fns4listNtNtB8_4task7TaskBmcNtBY_4TaskINtNtCse1nGBsou5OW_5alloc3vec3VecNtBY_10TaskFilterEE0Ba_
FNDA:4,_RNCINvNtNtNtCsitYIkg1Iwaa_8lib_core5model4base8crud_fns4listNtNtB8_8tasktime11TaskTimeBmcNtBY_8TaskTimeINtNtCse1nGBsou5OW_5alloc3vec3VecNtBY_14TaskTimeFilterEE0Ba_
FNDA:15,_RNCINvNtNtNtCsitYIkg1Iwaa_8lib_core5model4base8crud_fns6createNtNtB8_10timerecord13TimeRecordBmcNtB10_19TimeRecordForCreateE0Ba_
FNDA:20,_RNCINvNtNtNtCsitYIkg1Iwaa_8lib_core5model4base8crud_fns6createNtNtB8_12taskprogress15TaskProgressBmcNtB10_21TaskProgressForCreateE0Ba_
FNDA:32,_RNCINvNtNtNtCsitYIkg1Iwaa_8lib_core5model4base8crud_fns6createNtNtB8_4task7TaskBmcNtB10_13TaskForCreateE0Ba_
FNDA:1,_RNCINvNtNtNtCsitYIkg1Iwaa_8lib_core5model4base8crud_fns6createNtNtB8_4user7UserBmcNtB10_13UserForInsertE0Ba_
FNDA:18,_RNCINvNtNtNtCsitYIkg1Iwaa_8lib_core5model4base8crud_fns6createNtNtB8_7project10ProjectBmcNtB10_21ProjectForCreateInnerE0Ba_
FNDA:15,_RNCINvNtNtNtCsitYIkg1Iwaa_8lib_core5model4base8crud_fns6createNtNtB8_8tasktime11TaskTimeBmcNtB10_17TaskTimeForCreateE0Ba_
FNDA:12,_RNCINvNtNtNtCsitYIkg1Iwaa_8lib_core5model4base8crud_fns6deleteNtNtB8_10timerecord13TimeRecordBmcE0Ba_
FNDA:2,_RNCINvNtNtNtCsitYIkg1Iwaa_8lib_core5model4base8crud_fns6deleteNtNtB8_12taskprogress15TaskProgressBmcE0Ba_
FNDA:2,_RNCINvNtNtNtCsitYIkg1Iwaa_8lib_core5model4base8crud_fns6deleteNtNtB8_4task7TaskBmcE0Ba_
FNDA:1,_RNCINvNtNtNtCsitYIkg1Iwaa_8lib_core5model4base8crud_fns6deleteNtNtB8_4user7UserBmcE0Ba_
FNDA:15,_RNCINvNtNtNtCsitYIkg1Iwaa_8lib_core5model4base8crud_fns6deleteNtNtB8_7project10ProjectBmcE0Ba_
FNDA:4,_RNCINvNtNtNtCsitYIkg1Iwaa_8lib_core5model4base8crud_fns6deleteNtNtB8_8tasktime11TaskTimeBmcE0Ba_
FNDA:1,_RNCINvNtNtNtCsitYIkg1Iwaa_8lib_core5model4base8crud_fns6updateNtNtB8_10timerecord13TimeRecordBmcNtB10_19TimeRecordForUpdateE0Ba_
FNDA:1,_RNCINvNtNtNtCsitYIkg1Iwaa_8lib_core5model4base8crud_fns6updateNtNtB8_12taskprogress15TaskProgressBmcNtB10_21TaskProgressForUpdateE0Ba_
FNDA:1,_RNCINvNtNtNtCsitYIkg1Iwaa_8lib_core5model4base8crud_fns6updateNtNtB8_4task7TaskBmcNtB10_13TaskForUpdateE0Ba_
FNDA:1,_RNCINvNtNtNtCsitYIkg1Iwaa_8lib_core5model4base8crud_fns6updateNtNtB8_8tasktime11TaskTimeBmcNtB10_17TaskTimeForUpdateE0Ba_
FNDA:18,_RNvNtNtNtCsitYIkg1Iwaa_8lib_core5model4base8crud_fns20compute_list_options
FNF:11
FNH:11
DA:16,101
DA:17,101
DA:18,101
DA:19,101
DA:20,101
DA:21,101
DA:22,101
DA:23,101
DA:24,101
DA:25,101
DA:26,101
DA:27,101
DA:28,101
DA:29,101
DA:30,101
DA:31,101
DA:32,101
DA:33,101
DA:34,101
DA:35,101
DA:36,101
DA:37,101
DA:38,101
DA:41,101
DA:43,101
DA:44,101
DA:89,82
DA:90,82
DA:91,82
DA:92,82
DA:93,82
DA:94,82
DA:95,82
DA:96,82
DA:97,82
DA:98,82
DA:99,82
DA:100,82
DA:101,82
DA:102,82
DA:103,82
DA:104,82
DA:105,78
DA:106,82
DA:107,82
DA:108,82
DA:109,82
DA:110,82
DA:111,82
DA:112,82
DA:114,78
DA:115,82
DA:154,18
DA:155,18
DA:156,18
DA:157,18
DA:158,18
DA:159,18
DA:160,18
DA:161,18
DA:162,18
DA:163,18
DA:164,18
DA:165,18
DA:166,18
DA:167,18
DA:168,18
DA:171,18
DA:172,18
DA:173,18
DA:174,18
DA:175,0
DA:177,18
DA:178,18
DA:179,18
DA:180,18
DA:181,18
DA:182,18
DA:183,18
DA:184,18
DA:186,18
DA:187,18
DA:224,4
DA:225,4
DA:226,4
DA:227,4
DA:228,4
DA:229,4
DA:230,4
DA:231,4
DA:232,4
DA:233,4
DA:234,4
DA:235,4
DA:236,4
DA:237,4
DA:238,4
DA:239,4
DA:240,4
DA:241,4
DA:242,4
DA:243,4
DA:244,4
DA:245,4
DA:246,4
DA:247,4
DA:248,4
DA:249,4
DA:252,4
DA:253,0
DA:254,0
DA:255,0
DA:256,0
DA:258,4
DA:260,4
DA:262,36
DA:263,36
DA:264,36
DA:265,36
DA:266,36
DA:267,36
DA:268,36
DA:269,36
DA:270,36
DA:271,36
DA:272,36
DA:273,36
DA:274,36
DA:275,36
DA:278,36
DA:279,6
DA:280,6
DA:281,6
DA:282,6
DA:284,30
DA:286,36
DA:322,18
DA:323,18
DA:324,18
DA:325,18
DA:327,6
DA:328,6
DA:329,0
DA:330,0
DA:331,0
DA:332,0
DA:333,6
DA:336,0
DA:337,0
DA:338,0
DA:339,6
DA:343,12
DA:344,12
DA:345,12
DA:346,12
DA:347,12
DA:349,18
BRF:0
BRH:0
LF:162
LH:150
end_of_record
SF:/Users/benmi/Ws/little-manager/crates/libs/lib-core/src/model/base/macro_utils.rs
FN:36,_RNCNvMse_NtNtCsitYIkg1Iwaa_8lib_core5model12groupmembersNtB7_14GroupMemberBmc3get0Bb_
FN:55,_RNCNvMse_NtNtCsitYIkg1Iwaa_8lib_core5model12groupmembersNtB7_14GroupMemberBmc4list0Bb_
FN:19,_RNCNvMse_NtNtCsitYIkg1Iwaa_8lib_core5model12groupmembersNtB7_14GroupMemberBmc6create0Bb_
FN:83,_RNCNvMse_NtNtCsitYIkg1Iwaa_8lib_core5model12groupmembersNtB7_14GroupMemberBmc6delete0Bb_
FN:74,_RNCNvMse_NtNtCsitYIkg1Iwaa_8lib_core5model12groupmembersNtB7_14GroupMemberBmc6update0Bb_
FN:32,_RNvMse_NtNtCsitYIkg1Iwaa_8lib_core5model12groupmembersNtB5_14GroupMemberBmc3get
FN:50,_RNvMse_NtNtCsitYIkg1Iwaa_8lib_core5model12groupmembersNtB5_14GroupMemberBmc4list
FN:15,_RNvMse_NtNtCsitYIkg1Iwaa_8lib_core5model12groupmembersNtB5_14GroupMemberBmc6create
FN:79,_RNvMse_NtNtCsitYIkg1Iwaa_8lib_core5model12groupmembersNtB5_14GroupMemberBmc6delete
FN:69,_RNvMse_NtNtCsitYIkg1Iwaa_8lib_core5model12groupmembersNtB5_14GroupMemberBmc6update
FN:32,_RNvMsg_NtNtCsitYIkg1Iwaa_8lib_core5model4taskNtB5_7TaskBmc3get
FN:50,_RNvMsg_NtNtCsitYIkg1Iwaa_8lib_core5model4taskNtB5_7TaskBmc4list
FN:15,_RNvMsg_NtNtCsitYIkg1Iwaa_8lib_core5model4taskNtB5_7TaskBmc6create
FN:79,_RNvMsg_NtNtCsitYIkg1Iwaa_8lib_core5model4taskNtB5_7TaskBmc6delete
FN:69,_RNvMsg_NtNtCsitYIkg1Iwaa_8lib_core5model4taskNtB5_7TaskBmc6update
FN:36,_RNCNvMsg_NtNtCsitYIkg1Iwaa_8lib_core5model10timerecordNtB7_13TimeRecordBmc3get0Bb_
FN:55,_RNCNvMsg_NtNtCsitYIkg1Iwaa_8lib_core5model10timerecordNtB7_13TimeRecordBmc4list0Bb_
FN:19,_RNCNvMsg_NtNtCsitYIkg1Iwaa_8lib_core5model10timerecordNtB7_13TimeRecordBmc6create0Bb_
FN:83,_RNCNvMsg_NtNtCsitYIkg1Iwaa_8lib_core5model10timerecordNtB7_13TimeRecordBmc6delete0Bb_
FN:74,_RNCNvMsg_NtNtCsitYIkg1Iwaa_8lib_core5model10timerecordNtB7_13TimeRecordBmc6update0Bb_
FN:36,_RNCNvMsg_NtNtCsitYIkg1Iwaa_8lib_core5model8tasktimeNtB7_11TaskTimeBmc3get0Bb_
FN:55,_RNCNvMsg_NtNtCsitYIkg1Iwaa_8lib_core5model8tasktimeNtB7_11TaskTimeBmc4list0Bb_
FN:19,_RNCNvMsg_NtNtCsitYIkg1Iwaa_8lib_core5model8tasktimeNtB7_11TaskTimeBmc6create0Bb_
FN:83,_RNCNvMsg_NtNtCsitYIkg1Iwaa_8lib_core5model8tasktimeNtB7_11TaskTimeBmc6delete0Bb_
FN:74,_RNCNvMsg_NtNtCsitYIkg1Iwaa_8lib_core5model8tasktimeNtB7_11TaskTimeBmc6update0Bb_
FN:32,_RNvMsg_NtNtCsitYIkg1Iwaa_8lib_core5model10timerecordNtB5_13TimeRecordBmc3get
FN:50,_RNvMsg_NtNtCsitYIkg1Iwaa_8lib_core5model10timerecordNtB5_13TimeRecordBmc4list
FN:15,_RNvMsg_NtNtCsitYIkg1Iwaa_8lib_core5model10timerecordNtB5_13TimeRecordBmc6create
FN:79,_RNvMsg_NtNtCsitYIkg1Iwaa_8lib_core5model10timerecordNtB5_13TimeRecordBmc6delete
FN:69,_RNvMsg_NtNtCsitYIkg1Iwaa_8lib_core5model10timerecordNtB5_13TimeRecordBmc6update
FN:32,_RNvMsg_NtNtCsitYIkg1Iwaa_8lib_core5model12taskprogressNtB5_15TaskProgressBmc3get
FN:50,_RNvMsg_NtNtCsitYIkg1Iwaa_8lib_core5model12taskprogressNtB5_15TaskProgressBmc4list
FN:15,_RNvMsg_NtNtCsitYIkg1Iwaa_8lib_core5model12taskprogressNtB5_15TaskProgressBmc6create
FN:79,_RNvMsg_NtNtCsitYIkg1Iwaa_8lib_core5model12taskprogressNtB5_15TaskProgressBmc6delete
FN:69,_RNvMsg_NtNtCsitYIkg1Iwaa_8lib_core5model12taskprogressNtB5_15TaskProgressBmc6update
FN:36,_RNCNvMsg_NtNtCsitYIkg1Iwaa_8lib_core5model12taskprogressNtB7_15TaskProgressBmc3get0Bb_
FN:55,_RNCNvMsg_NtNtCsitYIkg1Iwaa_8lib_core5model12taskprogressNtB7_15TaskProgressBmc4list0Bb_
FN:19,_RNCNvMsg_NtNtCsitYIkg1Iwaa_8lib_core5model12taskprogressNtB7_15TaskProgressBmc6create0Bb_
FN:83,_RNCNvMsg_NtNtCsitYIkg1Iwaa_8lib_core5model12taskprogressNtB7_15TaskProgressBmc6delete0Bb_
FN:74,_RNCNvMsg_NtNtCsitYIkg1Iwaa_8lib_core5model12taskprogressNtB7_15TaskProgressBmc6update0Bb_
FN:32,_RNvMsg_NtNtCsitYIkg1Iwaa_8lib_core5model8tasktimeNtB5_11TaskTimeBmc3get
FN:50,_RNvMsg_NtNtCsitYIkg1Iwaa_8lib_core5model8tasktimeNtB5_11TaskTimeBmc4list
FN:15,_RNvMsg_NtNtCsitYIkg1Iwaa_8lib_core5model8tasktimeNtB5_11TaskTimeBmc6create
FN:79,_RNvMsg_NtNtCsitYIkg1Iwaa_8lib_core5model8tasktimeNtB5_11TaskTimeBmc6delete
FN:69,_RNvMsg_NtNtCsitYIkg1Iwaa_8lib_core5model8tasktimeNtB5_11TaskTimeBmc6update
FN:36,_RNCNvMsg_NtNtCsitYIkg1Iwaa_8lib_core5model4taskNtB7_7TaskBmc3get0Bb_
FN:55,_RNCNvMsg_NtNtCsitYIkg1Iwaa_8lib_core5model4taskNtB7_7TaskBmc4list0Bb_
FN:19,_RNCNvMsg_NtNtCsitYIkg1Iwaa_8lib_core5model4taskNtB7_7TaskBmc6create0Bb_
FN:83,_RNCNvMsg_NtNtCsitYIkg1Iwaa_8lib_core5model4taskNtB7_7TaskBmc6delete0Bb_
FN:74,_RNCNvMsg_NtNtCsitYIkg1Iwaa_8lib_core5model4taskNtB7_7TaskBmc6update0Bb_
FNDA:0,_RNCNvMse_NtNtCsitYIkg1Iwaa_8lib_core5model12groupmembersNtB7_14GroupMemberBmc3get0Bb_
FNDA:0,_RNCNvMse_NtNtCsitYIkg1Iwaa_8lib_core5model12groupmembersNtB7_14GroupMemberBmc4list0Bb_
FNDA:0,_RNCNvMse_NtNtCsitYIkg1Iwaa_8lib_core5model12groupmembersNtB7_14GroupMemberBmc6create0Bb_
FNDA:0,_RNCNvMse_NtNtCsitYIkg1Iwaa_8lib_core5model12groupmembersNtB7_14GroupMemberBmc6delete0Bb_
FNDA:0,_RNCNvMse_NtNtCsitYIkg1Iwaa_8lib_core5model12groupmembersNtB7_14GroupMemberBmc6update0Bb_
FNDA:0,_RNvMse_NtNtCsitYIkg1Iwaa_8lib_core5model12groupmembersNtB5_14GroupMemberBmc3get
FNDA:0,_RNvMse_NtNtCsitYIkg1Iwaa_8lib_core5model12groupmembersNtB5_14GroupMemberBmc4list
FNDA:0,_RNvMse_NtNtCsitYIkg1Iwaa_8lib_core5model12groupmembersNtB5_14GroupMemberBmc6create
FNDA:0,_RNvMse_NtNtCsitYIkg1Iwaa_8lib_core5model12groupmembersNtB5_14GroupMemberBmc6delete
FNDA:0,_RNvMse_NtNtCsitYIkg1Iwaa_8lib_core5model12groupmembersNtB5_14GroupMemberBmc6update
FNDA:23,_RNvMsg_NtNtCsitYIkg1Iwaa_8lib_core5model4taskNtB5_7TaskBmc3get
FNDA:4,_RNvMsg_NtNtCsitYIkg1Iwaa_8lib_core5model4taskNtB5_7TaskBmc4list
FNDA:32,_RNvMsg_NtNtCsitYIkg1Iwaa_8lib_core5model4taskNtB5_7TaskBmc6create
FNDA:2,_RNvMsg_NtNtCsitYIkg1Iwaa_8lib_core5model4taskNtB5_7TaskBmc6delete
FNDA:1,_RNvMsg_NtNtCsitYIkg1Iwaa_8lib_core5model4taskNtB5_7TaskBmc6update
FNDA:17,_RNCNvMsg_NtNtCsitYIkg1Iwaa_8lib_core5model10timerecordNtB7_13TimeRecordBmc3get0Bb_
FNDA:4,_RNCNvMsg_NtNtCsitYIkg1Iwaa_8lib_core5model10timerecordNtB7_13TimeRecordBmc4list0Bb_
FNDA:15,_RNCNvMsg_NtNtCsitYIkg1Iwaa_8lib_core5model10timerecordNtB7_13TimeRecordBmc6create0Bb_
FNDA:12,_RNCNvMsg_NtNtCsitYIkg1Iwaa_8lib_core5model10timerecordNtB7_13TimeRecordBmc6delete0Bb_
FNDA:1,_RNCNvMsg_NtNtCsitYIkg1Iwaa_8lib_core5model10timerecordNtB7_13TimeRecordBmc6update0Bb_
FNDA:17,_RNCNvMsg_NtNtCsitYIkg1Iwaa_8lib_core5model8tasktimeNtB7_11TaskTimeBmc3get0Bb_
FNDA:4,_RNCNvMsg_NtNtCsitYIkg1Iwaa_8lib_core5model8tasktimeNtB7_11TaskTimeBmc4list0Bb_
FNDA:15,_RNCNvMsg_NtNtCsitYIkg1Iwaa_8lib_core5model8tasktimeNtB7_11TaskTimeBmc6create0Bb_
FNDA:4,_RNCNvMsg_NtNtCsitYIkg1Iwaa_8lib_core5model8tasktimeNtB7_11TaskTimeBmc6delete0Bb_
FNDA:1,_RNCNvMsg_NtNtCsitYIkg1Iwaa_8lib_core5model8tasktimeNtB7_11TaskTimeBmc6update0Bb_
FNDA:17,_RNvMsg_NtNtCsitYIkg1Iwaa_8lib_core5model10timerecordNtB5_13TimeRecordBmc3get
FNDA:4,_RNvMsg_NtNtCsitYIkg1Iwaa_8lib_core5model10timerecordNtB5_13TimeRecordBmc4list
FNDA:15,_RNvMsg_NtNtCsitYIkg1Iwaa_8lib_core5model10timerecordNtB5_13TimeRecordBmc6create
FNDA:12,_RNvMsg_NtNtCsitYIkg1Iwaa_8lib_core5model10timerecordNtB5_13TimeRecordBmc6delete
FNDA:1,_RNvMsg_NtNtCsitYIkg1Iwaa_8lib_core5model10timerecordNtB5_13TimeRecordBmc6update
FNDA:22,_RNvMsg_NtNtCsitYIkg1Iwaa_8lib_core5model12taskprogressNtB5_15TaskProgressBmc3get
FNDA:6,_RNvMsg_NtNtCsitYIkg1Iwaa_8lib_core5model12taskprogressNtB5_15TaskProgressBmc4list
FNDA:20,_RNvMsg_NtNtCsitYIkg1Iwaa_8lib_core5model12taskprogressNtB5_15TaskProgressBmc6create
FNDA:2,_RNvMsg_NtNtCsitYIkg1Iwaa_8lib_core5model12taskprogressNtB5_15TaskProgressBmc6delete
FNDA:1,_RNvMsg_NtNtCsitYIkg1Iwaa_8lib_core5model12taskprogressNtB5_15TaskProgressBmc6update
FNDA:22,_RNCNvMsg_NtNtCsitYIkg1Iwaa_8lib_core5model12taskprogressNtB7_15TaskProgressBmc3get0Bb_
FNDA:6,_RNCNvMsg_NtNtCsitYIkg1Iwaa_8lib_core5model12taskprogressNtB7_15TaskProgressBmc4list0Bb_
FNDA:20,_RNCNvMsg_NtNtCsitYIkg1Iwaa_8lib_core5model12taskprogressNtB7_15TaskProgressBmc6create0Bb_
FNDA:2,_RNCNvMsg_NtNtCsitYIkg1Iwaa_8lib_core5model12taskprogressNtB7_15TaskProgressBmc6delete0Bb_
FNDA:1,_RNCNvMsg_NtNtCsitYIkg1Iwaa_8lib_core5model12taskprogressNtB7_15TaskProgressBmc6update0Bb_
FNDA:17,_RNvMsg_NtNtCsitYIkg1Iwaa_8lib_core5model8tasktimeNtB5_11TaskTimeBmc3get
FNDA:4,_RNvMsg_NtNtCsitYIkg1Iwaa_8lib_core5model8tasktimeNtB5_11TaskTimeBmc4list
FNDA:15,_RNvMsg_NtNtCsitYIkg1Iwaa_8lib_core5model8tasktimeNtB5_11TaskTimeBmc6create
FNDA:4,_RNvMsg_NtNtCsitYIkg1Iwaa_8lib_core5model8tasktimeNtB5_11TaskTimeBmc6delete
FNDA:1,_RNvMsg_NtNtCsitYIkg1Iwaa_8lib_core5model8tasktimeNtB5_11TaskTimeBmc6update
FNDA:23,_RNCNvMsg_NtNtCsitYIkg1Iwaa_8lib_core5model4taskNtB7_7TaskBmc3get0Bb_
FNDA:4,_RNCNvMsg_NtNtCsitYIkg1Iwaa_8lib_core5model4taskNtB7_7TaskBmc4list0Bb_
FNDA:32,_RNCNvMsg_NtNtCsitYIkg1Iwaa_8lib_core5model4taskNtB7_7TaskBmc6create0Bb_
FNDA:2,_RNCNvMsg_NtNtCsitYIkg1Iwaa_8lib_core5model4taskNtB7_7TaskBmc6delete0Bb_
FNDA:1,_RNCNvMsg_NtNtCsitYIkg1Iwaa_8lib_core5model4taskNtB7_7TaskBmc6update0Bb_
FNF:10
FNH:10
DA:15,82
DA:16,82
DA:17,82
DA:18,82
DA:19,82
DA:20,82
DA:21,82
DA:32,79
DA:33,79
DA:34,79
DA:35,79
DA:36,79
DA:37,79
DA:38,79
DA:50,18
DA:51,18
DA:52,18
DA:53,18
DA:54,18
DA:55,18
DA:56,18
DA:57,18
DA:69,4
DA:70,4
DA:71,4
DA:72,4
DA:73,4
DA:74,4
DA:75,4
DA:76,4
DA:79,20
DA:80,20
DA:81,20
DA:82,20
DA:83,20
DA:84,20
DA:85,20
BRF:0
BRH:0
LF:42
LH:42
end_of_record
SF:/Users/benmi/Ws/little-manager/crates/libs/lib-core/src/model/base/mod.rs
FN:67,_RNvYNtNtNtCsitYIkg1Iwaa_8lib_core5model10timerecord13TimeRecordBmcNtNtB6_4base5DbBmc12has_owner_idB8_
FN:59,_RNvYNtNtNtCsitYIkg1Iwaa_8lib_core5model10timerecord13TimeRecordBmcNtNtB6_4base5DbBmc14has_timestampsB8_
FN:51,_RNvYNtNtNtCsitYIkg1Iwaa_8lib_core5model10timerecord13TimeRecordBmcNtNtB6_4base5DbBmc9table_refB8_
FN:67,_RNvYNtNtNtCsitYIkg1Iwaa_8lib_core5model8tasktime11TaskTimeBmcNtNtB6_4base5DbBmc12has_owner_idB8_
FN:59,_RNvYNtNtNtCsitYIkg1Iwaa_8lib_core5model8tasktime11TaskTimeBmcNtNtB6_4base5DbBmc14has_timestampsB8_
FN:51,_RNvYNtNtNtCsitYIkg1Iwaa_8lib_core5model8tasktime11TaskTimeBmcNtNtB6_4base5DbBmc9table_refB8_
FN:67,_RNvYNtNtNtCsitYIkg1Iwaa_8lib_core5model4user7UserBmcNtNtB6_4base5DbBmc12has_owner_idB8_
FN:59,_RNvYNtNtNtCsitYIkg1Iwaa_8lib_core5model4user7UserBmcNtNtB6_4base5DbBmc14has_timestampsB8_
FN:51,_RNvYNtNtNtCsitYIkg1Iwaa_8lib_core5model4user7UserBmcNtNtB6_4base5DbBmc9table_refB8_
FN:67,_RNvYNtNtNtCsitYIkg1Iwaa_8lib_core5model7project10ProjectBmcNtNtB6_4base5DbBmc12has_owner_idB8_
FN:59,_RNvYNtNtNtCsitYIkg1Iwaa_8lib_core5model7project10ProjectBmcNtNtB6_4base5DbBmc14has_timestampsB8_
FN:51,_RNvYNtNtNtCsitYIkg1Iwaa_8lib_core5model7project10ProjectBmcNtNtB6_4base5DbBmc9table_refB8_
FN:25,_RNvXNtNtCsitYIkg1Iwaa_8lib_core5model4baseNtB2_10CommonIdenNtNtCsbFThIYmD6Mp_9sea_query5types4Iden7prepare
FN:31,_RNvXs_NtNtCsitYIkg1Iwaa_8lib_core5model4baseNtB4_13TimestampIdenNtNtCsbFThIYmD6Mp_9sea_query5types4Iden7prepare
FN:67,_RNvYNtNtNtCsitYIkg1Iwaa_8lib_core5model12taskprogress15TaskProgressBmcNtNtB6_4base5DbBmc12has_owner_idB8_
FN:59,_RNvYNtNtNtCsitYIkg1Iwaa_8lib_core5model12taskprogress15TaskProgressBmcNtNtB6_4base5DbBmc14has_timestampsB8_
FN:51,_RNvYNtNtNtCsitYIkg1Iwaa_8lib_core5model12taskprogress15TaskProgressBmcNtNtB6_4base5DbBmc9table_refB8_
FN:67,_RNvYNtNtNtCsitYIkg1Iwaa_8lib_core5model4task7TaskBmcNtNtB6_4base5DbBmc12has_owner_idB8_
FN:59,_RNvYNtNtNtCsitYIkg1Iwaa_8lib_core5model4task7TaskBmcNtNtB6_4base5DbBmc14has_timestampsB8_
FN:51,_RNvYNtNtNtCsitYIkg1Iwaa_8lib_core5model4task7TaskBmcNtNtB6_4base5DbBmc9table_refB8_
FNDA:15,_RNvYNtNtNtCsitYIkg1Iwaa_8lib_core5model10timerecord13TimeRecordBmcNtNtB6_4base5DbBmc12has_owner_idB8_
FNDA:16,_RNvYNtNtNtCsitYIkg1Iwaa_8lib_core5model10timerecord13TimeRecordBmcNtNtB6_4base5DbBmc14has_timestampsB8_
FNDA:49,_RNvYNtNtNtCsitYIkg1Iwaa_8lib_core5model10timerecord13TimeRecordBmcNtNtB6_4base5DbBmc9table_refB8_
FNDA:15,_RNvYNtNtNtCsitYIkg1Iwaa_8lib_core5model8tasktime11TaskTimeBmcNtNtB6_4base5DbBmc12has_owner_idB8_
FNDA:16,_RNvYNtNtNtCsitYIkg1Iwaa_8lib_core5model8tasktime11TaskTimeBmcNtNtB6_4base5DbBmc14has_timestampsB8_
FNDA:41,_RNvYNtNtNtCsitYIkg1Iwaa_8lib_core5model8tasktime11TaskTimeBmcNtNtB6_4base5DbBmc9table_refB8_
FNDA:1,_RNvYNtNtNtCsitYIkg1Iwaa_8lib_core5model4user7UserBmcNtNtB6_4base5DbBmc12has_owner_idB8_
FNDA:3,_RNvYNtNtNtCsitYIkg1Iwaa_8lib_core5model4user7UserBmcNtNtB6_4base5DbBmc14has_timestampsB8_
FNDA:9,_RNvYNtNtNtCsitYIkg1Iwaa_8lib_core5model4user7UserBmcNtNtB6_4base5DbBmc9table_refB8_
FNDA:18,_RNvYNtNtNtCsitYIkg1Iwaa_8lib_core5model7project10ProjectBmcNtNtB6_4base5DbBmc12has_owner_idB8_
FNDA:18,_RNvYNtNtNtCsitYIkg1Iwaa_8lib_core5model7project10ProjectBmcNtNtB6_4base5DbBmc14has_timestampsB8_
FNDA:33,_RNvYNtNtNtCsitYIkg1Iwaa_8lib_core5model7project10ProjectBmcNtNtB6_4base5DbBmc9table_refB8_
FNDA:223,_RNvXNtNtCsitYIkg1Iwaa_8lib_core5model4baseNtB2_10CommonIdenNtNtCsbFThIYmD6Mp_9sea_query5types4Iden7prepare
FNDA:416,_RNvXs_NtNtCsitYIkg1Iwaa_8lib_core5model4baseNtB4_13TimestampIdenNtNtCsbFThIYmD6Mp_9sea_query5types4Iden7prepare
FNDA:20,_RNvYNtNtNtCsitYIkg1Iwaa_8lib_core5model12taskprogress15TaskProgressBmcNtNtB6_4base5DbBmc12has_owner_idB8_
FNDA:21,_RNvYNtNtNtCsitYIkg1Iwaa_8lib_core5model12taskprogress15TaskProgressBmcNtNtB6_4base5DbBmc14has_timestampsB8_
FNDA:51,_RNvYNtNtNtCsitYIkg1Iwaa_8lib_core5model12taskprogress15TaskProgressBmcNtNtB6_4base5DbBmc9table_refB8_
FNDA:32,_RNvYNtNtNtCsitYIkg1Iwaa_8lib_core5model4task7TaskBmcNtNtB6_4base5DbBmc12has_owner_idB8_
FNDA:33,_RNvYNtNtNtCsitYIkg1Iwaa_8lib_core5model4task7TaskBmcNtNtB6_4base5DbBmc14has_timestampsB8_
FNDA:62,_RNvYNtNtNtCsitYIkg1Iwaa_8lib_core5model4task7TaskBmcNtNtB6_4base5DbBmc9table_refB8_
FNF:5
FNH:5
DA:25,223
DA:31,416
DA:51,245
DA:52,245
DA:53,245
DA:59,107
DA:60,107
DA:61,107
DA:67,101
DA:68,101
DA:69,101
BRF:0
BRH:0
LF:11
LH:11
end_of_record
SF:/Users/benmi/Ws/little-manager/crates/libs/lib-core/src/model/base/utils.rs
FN:31,_RNvNtNtNtCsitYIkg1Iwaa_8lib_core5model4base5utils25add_timestamps_for_create
FN:42,_RNvNtNtNtCsitYIkg1Iwaa_8lib_core5model4base5utils25add_timestamps_for_update
FN:7,_RINvNtNtNtCsitYIkg1Iwaa_8lib_core5model4base5utils22prep_fields_for_createNtNtB6_10timerecord13TimeRecordBmcEB8_
FN:7,_RINvNtNtNtCsitYIkg1Iwaa_8lib_core5model4base5utils22prep_fields_for_createNtNtB6_12taskprogress15TaskProgressBmcEB8_
FN:7,_RINvNtNtNtCsitYIkg1Iwaa_8lib_core5model4base5utils22prep_fields_for_createNtNtB6_4task7TaskBmcEB8_
FN:7,_RINvNtNtNtCsitYIkg1Iwaa_8lib_core5model4base5utils22prep_fields_for_createNtNtB6_4user7UserBmcEB8_
FN:7,_RINvNtNtNtCsitYIkg1Iwaa_8lib_core5model4base5utils22prep_fields_for_createNtNtB6_7project10ProjectBmcEB8_
FN:7,_RINvNtNtNtCsitYIkg1Iwaa_8lib_core5model4base5utils22prep_fields_for_createNtNtB6_8tasktime11TaskTimeBmcEB8_
FN:20,_RINvNtNtNtCsitYIkg1Iwaa_8lib_core5model4base5utils22prep_fields_for_updateNtNtB6_10timerecord13TimeRecordBmcEB8_
FN:20,_RINvNtNtNtCsitYIkg1Iwaa_8lib_core5model4base5utils22prep_fields_for_updateNtNtB6_12taskprogress15TaskProgressBmcEB8_
FN:20,_RINvNtNtNtCsitYIkg1Iwaa_8lib_core5model4base5utils22prep_fields_for_updateNtNtB6_4task7TaskBmcEB8_
FN:20,_RINvNtNtNtCsitYIkg1Iwaa_8lib_core5model4base5utils22prep_fields_for_updateNtNtB6_4user7UserBmcEB8_
FN:20,_RINvNtNtNtCsitYIkg1Iwaa_8lib_core5model4base5utils22prep_fields_for_updateNtNtB6_8tasktime11TaskTimeBmcEB8_
FNDA:101,_RNvNtNtNtCsitYIkg1Iwaa_8lib_core5model4base5utils25add_timestamps_for_create
FNDA:6,_RNvNtNtNtCsitYIkg1Iwaa_8lib_core5model4base5utils25add_timestamps_for_update
FNDA:15,_RINvNtNtNtCsitYIkg1Iwaa_8lib_core5model4base5utils22prep_fields_for_createNtNtB6_10timerecord13TimeRecordBmcEB8_
FNDA:20,_RINvNtNtNtCsitYIkg1Iwaa_8lib_core5model4base5utils22prep_fields_for_createNtNtB6_12taskprogress15TaskProgressBmcEB8_
FNDA:32,_RINvNtNtNtCsitYIkg1Iwaa_8lib_core5model4base5utils22prep_fields_for_createNtNtB6_4task7TaskBmcEB8_
FNDA:1,_RINvNtNtNtCsitYIkg1Iwaa_8lib_core5model4base5utils22prep_fields_for_createNtNtB6_4user7UserBmcEB8_
FNDA:18,_RINvNtNtNtCsitYIkg1Iwaa_8lib_core5model4base5utils22prep_fields_for_createNtNtB6_7project10ProjectBmcEB8_
FNDA:15,_RINvNtNtNtCsitYIkg1Iwaa_8lib_core5model4base5utils22prep_fields_for_createNtNtB6_8tasktime11TaskTimeBmcEB8_
FNDA:1,_RINvNtNtNtCsitYIkg1Iwaa_8lib_core5model4base5utils22prep_fields_for_updateNtNtB6_10timerecord13TimeRecordBmcEB8_
FNDA:1,_RINvNtNtNtCsitYIkg1Iwaa_8lib_core5model4base5utils22prep_fields_for_updateNtNtB6_12taskprogress15TaskProgressBmcEB8_
FNDA:1,_RINvNtNtNtCsitYIkg1Iwaa_8lib_core5model4base5utils22prep_fields_for_updateNtNtB6_4task7TaskBmcEB8_
FNDA:2,_RINvNtNtNtCsitYIkg1Iwaa_8lib_core5model4base5utils22prep_fields_for_updateNtNtB6_4user7UserBmcEB8_
FNDA:1,_RINvNtNtNtCsitYIkg1Iwaa_8lib_core5model4base5utils22prep_fields_for_updateNtNtB6_8tasktime11TaskTimeBmcEB8_
FNF:4
FNH:4
DA:7,101
DA:8,101
DA:9,101
DA:10,101
DA:11,101
DA:12,0
DA:13,101
DA:14,101
DA:15,101
DA:16,101
DA:17,101
DA:20,6
DA:21,6
DA:22,6
DA:23,6
DA:24,6
DA:25,6
DA:26,6
DA:27,6
DA:31,101
DA:32,101
DA:33,101
DA:34,101
DA:35,101
DA:36,101
DA:37,101
DA:38,101
DA:42,6
DA:43,6
DA:44,6
DA:45,6
DA:46,6
BRF:0
BRH:0
LF:32
LH:31
end_of_record
SF:/Users/benmi/Ws/little-manager/crates/libs/lib-core/src/model/error.rs
FN:55,_RINvMNtNtCsitYIkg1Iwaa_8lib_core5model5errorNtB3_5Error24resolve_unique_violationNCNCNCNvMs3_NtB5_4userNtB1t_7UserBmc6create000EB7_
FN:59,_RNCINvMNtNtCsitYIkg1Iwaa_8lib_core5model5errorNtB5_5Error24resolve_unique_violationNCNCNCNvMs3_NtB7_4userNtB1v_7UserBmc6create000E0B9_
FN:66,_RNCINvMNtNtCsitYIkg1Iwaa_8lib_core5model5errorNtB5_5Error24resolve_unique_violationNCNCNCNvMs3_NtB7_4userNtB1v_7UserBmc6create000Es0_0B9_
FN:65,_RNCINvMNtNtCsitYIkg1Iwaa_8lib_core5model5errorNtB5_5Error24resolve_unique_violationNCNCNCNvMs3_NtB7_4userNtB1v_7UserBmc6create000Es_0B9_
FN:77,_RNvMNtNtCsitYIkg1Iwaa_8lib_core5model5errorNtB2_5Error17as_database_error
FN:90,_RNvXs_NtNtCsitYIkg1Iwaa_8lib_core5model5errorNtB4_5ErrorNtNtCsfvfooZQ3Axs_4core3fmt7Display3fmt
FNDA:0,_RINvMNtNtCsitYIkg1Iwaa_8lib_core5model5errorNtB3_5Error24resolve_unique_violationNCNCNCNvMs3_NtB5_4userNtB1t_7UserBmc6create000EB7_
FNDA:0,_RNCINvMNtNtCsitYIkg1Iwaa_8lib_core5model5errorNtB5_5Error24resolve_unique_violationNCNCNCNvMs3_NtB7_4userNtB1v_7UserBmc6create000E0B9_
FNDA:0,_RNCINvMNtNtCsitYIkg1Iwaa_8lib_core5model5errorNtB5_5Error24resolve_unique_violationNCNCNCNvMs3_NtB7_4userNtB1v_7UserBmc6create000Es0_0B9_
FNDA:0,_RNCINvMNtNtCsitYIkg1Iwaa_8lib_core5model5errorNtB5_5Error24resolve_unique_violationNCNCNCNvMs3_NtB7_4userNtB1v_7UserBmc6create000Es_0B9_
FNDA:0,_RNvMNtNtCsitYIkg1Iwaa_8lib_core5model5errorNtB2_5Error17as_database_error
FNDA:0,_RNvXs_NtNtCsitYIkg1Iwaa_8lib_core5model5errorNtB4_5ErrorNtNtCsfvfooZQ3Axs_4core3fmt7Display3fmt
FNF:6
FNH:0
DA:55,0
DA:56,0
DA:57,0
DA:58,0
DA:59,0
DA:60,0
DA:61,0
DA:63,0
DA:64,0
DA:65,0
DA:66,0
DA:67,0
DA:68,0
DA:69,0
DA:71,0
DA:73,0
DA:77,0
DA:78,0
DA:79,0
DA:80,0
DA:82,0
DA:84,0
DA:90,0
DA:91,0
DA:92,0
DA:93,0
DA:94,0
DA:95,0
BRF:0
BRH:0
LF:33
LH:0
end_of_record
SF:/Users/benmi/Ws/little-manager/crates/libs/lib-core/src/model/group.rs
FN:93,_RNCNvMs_NtNtCsitYIkg1Iwaa_8lib_core5model5groupNtB6_8GroupBmc3get0Ba_
FN:102,_RNCNvMs_NtNtCsitYIkg1Iwaa_8lib_core5model5groupNtB6_8GroupBmc4list0Ba_
FN:85,_RNCNvMs_NtNtCsitYIkg1Iwaa_8lib_core5model5groupNtB6_8GroupBmc6create0Ba_
FN:115,_RNCNvMs_NtNtCsitYIkg1Iwaa_8lib_core5model5groupNtB6_8GroupBmc6delete0Ba_
FN:111,_RNCNvMs_NtNtCsitYIkg1Iwaa_8lib_core5model5groupNtB6_8GroupBmc6update0Ba_
FN:59,_RNCNvXsb_NtNtCsitYIkg1Iwaa_8lib_core5model5groupNtB7_11GroupFilterNtNtNtNtCseh4Qxs5TWTh_5modql6filter5nodes4node15IntoFilterNodes12filter_nodes0Bb_
FN:59,_RNCNvXsb_NtNtCsitYIkg1Iwaa_8lib_core5model5groupNtB7_11GroupFilterNtNtNtNtCseh4Qxs5TWTh_5modql6filter5nodes4node15IntoFilterNodes12filter_nodess0_0Bb_
FN:59,_RNCNvXsb_NtNtCsitYIkg1Iwaa_8lib_core5model5groupNtB7_11GroupFilterNtNtNtNtCseh4Qxs5TWTh_5modql6filter5nodes4node15IntoFilterNodes12filter_nodess1_0Bb_
FN:59,_RNCNvXsb_NtNtCsitYIkg1Iwaa_8lib_core5model5groupNtB7_11GroupFilterNtNtNtNtCseh4Qxs5TWTh_5modql6filter5nodes4node15IntoFilterNodes12filter_nodess2_0Bb_
FN:59,_RNCNvXsb_NtNtCsitYIkg1Iwaa_8lib_core5model5groupNtB7_11GroupFilterNtNtNtNtCseh4Qxs5TWTh_5modql6filter5nodes4node15IntoFilterNodes12filter_nodess3_0Bb_
FN:59,_RNCNvXsb_NtNtCsitYIkg1Iwaa_8lib_core5model5groupNtB7_11GroupFilterNtNtNtNtCseh4Qxs5TWTh_5modql6filter5nodes4node15IntoFilterNodes12filter_nodess_0Bb_
FN:93,_RNvMs_NtNtCsitYIkg1Iwaa_8lib_core5model5groupNtB4_8GroupBmc3get
FN:97,_RNvMs_NtNtCsitYIkg1Iwaa_8lib_core5model5groupNtB4_8GroupBmc4list
FN:81,_RNvMs_NtNtCsitYIkg1Iwaa_8lib_core5model5groupNtB4_8GroupBmc6create
FN:115,_RNvMs_NtNtCsitYIkg1Iwaa_8lib_core5model5groupNtB4_8GroupBmc6delete
FN:106,_RNvMs_NtNtCsitYIkg1Iwaa_8lib_core5model5groupNtB4_8GroupBmc6update
FN:17,_RNvXs2_NtNtCsitYIkg1Iwaa_8lib_core5model5groupNtB5_5GroupNtNtNtCseh4Qxs5TWTh_5modql5field10has_fields9HasFields10field_refs
FN:17,_RNvXs2_NtNtCsitYIkg1Iwaa_8lib_core5model5groupNtB5_5GroupNtNtNtCseh4Qxs5TWTh_5modql5field10has_fields9HasFields11field_names
FN:17,_RNvXs3_NtNtCsitYIkg1Iwaa_8lib_core5model5groupNtB5_5GroupNtNtNtNtCseh4Qxs5TWTh_5modql5field3sea14has_sea_fields12HasSeaFields14all_sea_fields
FN:17,_RNvXs3_NtNtCsitYIkg1Iwaa_8lib_core5model5groupNtB5_5GroupNtNtNtNtCseh4Qxs5TWTh_5modql5field3sea14has_sea_fields12HasSeaFields19not_none_sea_fields
FN:17,_RNvXs3_NtNtCsitYIkg1Iwaa_8lib_core5model5groupNtB5_5GroupNtNtNtNtCseh4Qxs5TWTh_5modql5field3sea14has_sea_fields12HasSeaFields9sea_idens
FN:34,_RNvXs5_NtNtCsitYIkg1Iwaa_8lib_core5model5groupNtB5_14GroupForCreateNtNtNtCseh4Qxs5TWTh_5modql5field10has_fields9HasFields10field_refs
FN:34,_RNvXs5_NtNtCsitYIkg1Iwaa_8lib_core5model5groupNtB5_14GroupForCreateNtNtNtCseh4Qxs5TWTh_5modql5field10has_fields9HasFields11field_names
FN:34,_RNvXs6_NtNtCsitYIkg1Iwaa_8lib_core5model5groupNtB5_14GroupForCreateNtNtNtNtCseh4Qxs5TWTh_5modql5field3sea14has_sea_fields12HasSeaFields14all_sea_fields
FN:34,_RNvXs6_NtNtCsitYIkg1Iwaa_8lib_core5model5groupNtB5_14GroupForCreateNtNtNtNtCseh4Qxs5TWTh_5modql5field3sea14has_sea_fields12HasSeaFields19not_none_sea_fields
FN:34,_RNvXs6_NtNtCsitYIkg1Iwaa_8lib_core5model5groupNtB5_14GroupForCreateNtNtNtNtCseh4Qxs5TWTh_5modql5field3sea14has_sea_fields12HasSeaFields9sea_idens
FN:39,_RNvXs7_NtNtCsitYIkg1Iwaa_8lib_core5model5groupNtB5_14GroupForUpdateNtNtNtCseh4Qxs5TWTh_5modql5field10has_fields9HasFields10field_refs
FN:39,_RNvXs7_NtNtCsitYIkg1Iwaa_8lib_core5model5groupNtB5_14GroupForUpdateNtNtNtCseh4Qxs5TWTh_5modql5field10has_fields9HasFields11field_names
FN:39,_RNvXs8_NtNtCsitYIkg1Iwaa_8lib_core5model5groupNtB5_14GroupForUpdateNtNtNtNtCseh4Qxs5TWTh_5modql5field3sea14has_sea_fields12HasSeaFields14all_sea_fields
FN:39,_RNvXs8_NtNtCsitYIkg1Iwaa_8lib_core5model5groupNtB5_14GroupForUpdateNtNtNtNtCseh4Qxs5TWTh_5modql5field3sea14has_sea_fields12HasSeaFields9sea_idens
FN:53,_RNvXs9_NtNtCsitYIkg1Iwaa_8lib_core5model5groupNtB5_19GroupForCreateInnerNtNtNtCseh4Qxs5TWTh_5modql5field10has_fields9HasFields10field_refs
FN:53,_RNvXs9_NtNtCsitYIkg1Iwaa_8lib_core5model5groupNtB5_19GroupForCreateInnerNtNtNtCseh4Qxs5TWTh_5modql5field10has_fields9HasFields11field_names
FN:53,_RNvXsa_NtNtCsitYIkg1Iwaa_8lib_core5model5groupNtB5_19GroupForCreateInnerNtNtNtNtCseh4Qxs5TWTh_5modql5field3sea14has_sea_fields12HasSeaFields14all_sea_fields
FN:53,_RNvXsa_NtNtCsitYIkg1Iwaa_8lib_core5model5groupNtB5_19GroupForCreateInnerNtNtNtNtCseh4Qxs5TWTh_5modql5field3sea14has_sea_fields12HasSeaFields19not_none_sea_fields
FN:53,_RNvXsa_NtNtCsitYIkg1Iwaa_8lib_core5model5groupNtB5_19GroupForCreateInnerNtNtNtNtCseh4Qxs5TWTh_5modql5field3sea14has_sea_fields12HasSeaFields9sea_idens
FN:59,_RNvXsc_NtNtCsitYIkg1Iwaa_8lib_core5model5groupINtNtCse1nGBsou5OW_5alloc3vec3VecNtNtNtNtCseh4Qxs5TWTh_5modql6filter5nodes4node10FilterNodeEINtNtCsfvfooZQ3Axs_4core7convert4FromNtB5_11GroupFilterE4from
FN:59,_RNvXsd_NtNtCsitYIkg1Iwaa_8lib_core5model5groupNtNtNtNtCseh4Qxs5TWTh_5modql6filter5nodes5group11FilterGroupINtNtCsfvfooZQ3Axs_4core7convert4FromNtB5_11GroupFilterE4from
FN:59,_RNvXse_NtNtCsitYIkg1Iwaa_8lib_core5model5groupNtNtNtNtCseh4Qxs5TWTh_5modql6filter5nodes5group12FilterGroupsINtNtCsfvfooZQ3Axs_4core7convert4FromNtB5_11GroupFilterE4from
FN:59,_RNvXsf_NtNtCsitYIkg1Iwaa_8lib_core5model5groupNtNtNtCsbFThIYmD6Mp_9sea_query5query9condition9ConditionINtNtCsfvfooZQ3Axs_4core7convert7TryFromNtB5_11GroupFilterE8try_from
FNDA:0,_RNCNvMs_NtNtCsitYIkg1Iwaa_8lib_core5model5groupNtB6_8GroupBmc3get0Ba_
FNDA:0,_RNCNvMs_NtNtCsitYIkg1Iwaa_8lib_core5model5groupNtB6_8GroupBmc4list0Ba_
FNDA:0,_RNCNvMs_NtNtCsitYIkg1Iwaa_8lib_core5model5groupNtB6_8GroupBmc6create0Ba_
FNDA:0,_RNCNvMs_NtNtCsitYIkg1Iwaa_8lib_core5model5groupNtB6_8GroupBmc6delete0Ba_
FNDA:0,_RNCNvMs_NtNtCsitYIkg1Iwaa_8lib_core5model5groupNtB6_8GroupBmc6update0Ba_
FNDA:0,_RNCNvXsb_NtNtCsitYIkg1Iwaa_8lib_core5model5groupNtB7_11GroupFilterNtNtNtNtCseh4Qxs5TWTh_5modql6filter5nodes4node15IntoFilterNodes12filter_nodes0Bb_
FNDA:0,_RNCNvXsb_NtNtCsitYIkg1Iwaa_8lib_core5model5groupNtB7_11GroupFilterNtNtNtNtCseh4Qxs5TWTh_5modql6filter5nodes4node15IntoFilterNodes12filter_nodess0_0Bb_
FNDA:0,_RNCNvXsb_NtNtCsitYIkg1Iwaa_8lib_core5model5groupNtB7_11GroupFilterNtNtNtNtCseh4Qxs5TWTh_5modql6filter5nodes4node15IntoFilterNodes12filter_nodess1_0Bb_
FNDA:0,_RNCNvXsb_NtNtCsitYIkg1Iwaa_8lib_core5model5groupNtB7_11GroupFilterNtNtNtNtCseh4Qxs5TWTh_5modql6filter5nodes4node15IntoFilterNodes12filter_nodess2_0Bb_
FNDA:0,_RNCNvXsb_NtNtCsitYIkg1Iwaa_8lib_core5model5groupNtB7_11GroupFilterNtNtNtNtCseh4Qxs5TWTh_5modql6filter5nodes4node15IntoFilterNodes12filter_nodess3_0Bb_
FNDA:0,_RNCNvXsb_NtNtCsitYIkg1Iwaa_8lib_core5model5groupNtB7_11GroupFilterNtNtNtNtCseh4Qxs5TWTh_5modql6filter5nodes4node15IntoFilterNodes12filter_nodess_0Bb_
FNDA:0,_RNvMs_NtNtCsitYIkg1Iwaa_8lib_core5model5groupNtB4_8GroupBmc3get
FNDA:0,_RNvMs_NtNtCsitYIkg1Iwaa_8lib_core5model5groupNtB4_8GroupBmc4list
FNDA:0,_RNvMs_NtNtCsitYIkg1Iwaa_8lib_core5model5groupNtB4_8GroupBmc6create
FNDA:0,_RNvMs_NtNtCsitYIkg1Iwaa_8lib_core5model5groupNtB4_8GroupBmc6delete
FNDA:0,_RNvMs_NtNtCsitYIkg1Iwaa_8lib_core5model5groupNtB4_8GroupBmc6update
FNDA:0,_RNvXs2_NtNtCsitYIkg1Iwaa_8lib_core5model5groupNtB5_5GroupNtNtNtCseh4Qxs5TWTh_5modql5field10has_fields9HasFields10field_refs
FNDA:0,_RNvXs2_NtNtCsitYIkg1Iwaa_8lib_core5model5groupNtB5_5GroupNtNtNtCseh4Qxs5TWTh_5modql5field10has_fields9HasFields11field_names
FNDA:0,_RNvXs3_NtNtCsitYIkg1Iwaa_8lib_core5model5groupNtB5_5GroupNtNtNtNtCseh4Qxs5TWTh_5modql5field3sea14has_sea_fields12HasSeaFields14all_sea_fields
FNDA:0,_RNvXs3_NtNtCsitYIkg1Iwaa_8lib_core5model5groupNtB5_5GroupNtNtNtNtCseh4Qxs5TWTh_5modql5field3sea14has_sea_fields12HasSeaFields19not_none_sea_fields
FNDA:0,_RNvXs3_NtNtCsitYIkg1Iwaa_8lib_core5model5groupNtB5_5GroupNtNtNtNtCseh4Qxs5TWTh_5modql5field3sea14has_sea_fields12HasSeaFields9sea_idens
FNDA:0,_RNvXs5_NtNtCsitYIkg1Iwaa_8lib_core5model5groupNtB5_14GroupForCreateNtNtNtCseh4Qxs5TWTh_5modql5field10has_fields9HasFields10field_refs
FNDA:0,_RNvXs5_NtNtCsitYIkg1Iwaa_8lib_core5model5groupNtB5_14GroupForCreateNtNtNtCseh4Qxs5TWTh_5modql5field10has_fields9HasFields11field_names
FNDA:0,_RNvXs6_NtNtCsitYIkg1Iwaa_8lib_core5model5groupNtB5_14GroupForCreateNtNtNtNtCseh4Qxs5TWTh_5modql5field3sea14has_sea_fields12HasSeaFields14all_sea_fields
FNDA:0,_RNvXs6_NtNtCsitYIkg1Iwaa_8lib_core5model5groupNtB5_14GroupForCreateNtNtNtNtCseh4Qxs5TWTh_5modql5field3sea14has_sea_fields12HasSeaFields19not_none_sea_fields
FNDA:0,_RNvXs6_NtNtCsitYIkg1Iwaa_8lib_core5model5groupNtB5_14GroupForCreateNtNtNtNtCseh4Qxs5TWTh_5modql5field3sea14has_sea_fields12HasSeaFields9sea_idens
FNDA:0,_RNvXs7_NtNtCsitYIkg1Iwaa_8lib_core5model5groupNtB5_14GroupForUpdateNtNtNtCseh4Qxs5TWTh_5modql5field10has_fields9HasFields10field_refs
FNDA:0,_RNvXs7_NtNtCsitYIkg1Iwaa_8lib_core5model5groupNtB5_14GroupForUpdateNtNtNtCseh4Qxs5TWTh_5modql5field10has_fields9HasFields11field_names
FNDA:0,_RNvXs8_NtNtCsitYIkg1Iwaa_8lib_core5model5groupNtB5_14GroupForUpdateNtNtNtNtCseh4Qxs5TWTh_5modql5field3sea14has_sea_fields12HasSeaFields14all_sea_fields
FNDA:0,_RNvXs8_NtNtCsitYIkg1Iwaa_8lib_core5model5groupNtB5_14GroupForUpdateNtNtNtNtCseh4Qxs5TWTh_5modql5field3sea14has_sea_fields12HasSeaFields9sea_idens
FNDA:0,_RNvXs9_NtNtCsitYIkg1Iwaa_8lib_core5model5groupNtB5_19GroupForCreateInnerNtNtNtCseh4Qxs5TWTh_5modql5field10has_fields9HasFields10field_refs
FNDA:0,_RNvXs9_NtNtCsitYIkg1Iwaa_8lib_core5model5groupNtB5_19GroupForCreateInnerNtNtNtCseh4Qxs5TWTh_5modql5field10has_fields9HasFields11field_names
FNDA:0,_RNvXsa_NtNtCsitYIkg1Iwaa_8lib_core5model5groupNtB5_19GroupForCreateInnerNtNtNtNtCseh4Qxs5TWTh_5modql5field3sea14has_sea_fields12HasSeaFields14all_sea_fields
FNDA:0,_RNvXsa_NtNtCsitYIkg1Iwaa_8lib_core5model5groupNtB5_19GroupForCreateInnerNtNtNtNtCseh4Qxs5TWTh_5modql5field3sea14has_sea_fields12HasSeaFields19not_none_sea_fields
FNDA:0,_RNvXsa_NtNtCsitYIkg1Iwaa_8lib_core5model5groupNtB5_19GroupForCreateInnerNtNtNtNtCseh4Qxs5TWTh_5modql5field3sea14has_sea_fields12HasSeaFields9sea_idens
FNDA:0,_RNvXsc_NtNtCsitYIkg1Iwaa_8lib_core5model5groupINtNtCse1nGBsou5OW_5alloc3vec3VecNtNtNtNtCseh4Qxs5TWTh_5modql6filter5nodes4node10FilterNodeEINtNtCsfvfooZQ3Axs_4core7convert4FromNtB5_11GroupFilterE4from
FNDA:0,_RNvXsd_NtNtCsitYIkg1Iwaa_8lib_core5model5groupNtNtNtNtCseh4Qxs5TWTh_5modql6filter5nodes5group11FilterGroupINtNtCsfvfooZQ3Axs_4core7convert4FromNtB5_11GroupFilterE4from
FNDA:0,_RNvXse_NtNtCsitYIkg1Iwaa_8lib_core5model5groupNtNtNtNtCseh4Qxs5TWTh_5modql6filter5nodes5group12FilterGroupsINtNtCsfvfooZQ3Axs_4core7convert4FromNtB5_11GroupFilterE4from
FNDA:0,_RNvXsf_NtNtCsitYIkg1Iwaa_8lib_core5model5groupNtNtNtCsbFThIYmD6Mp_9sea_query5query9condition9ConditionINtNtCsfvfooZQ3Axs_4core7convert7TryFromNtB5_11GroupFilterE8try_from
FNF:15
FNH:0
DA:17,0
DA:34,0
DA:39,0
DA:53,0
DA:59,0
DA:81,0
DA:82,0
DA:83,0
DA:84,0
DA:85,0
DA:86,0
DA:87,0
DA:88,0
DA:89,0
DA:90,0
DA:91,0
DA:93,0
DA:94,0
DA:95,0
DA:97,0
DA:98,0
DA:99,0
DA:100,0
DA:101,0
DA:102,0
DA:103,0
DA:104,0
DA:106,0
DA:107,0
DA:108,0
DA:109,0
DA:110,0
DA:111,0
DA:112,0
DA:113,0
DA:115,0
DA:116,0
DA:117,0
BRF:0
BRH:0
LF:43
LH:0
end_of_record
SF:/Users/benmi/Ws/little-manager/crates/libs/lib-core/src/model/groupmembers.rs
FN:45,_RNCNvXs8_NtNtCsitYIkg1Iwaa_8lib_core5model12groupmembersNtB7_17GroupMemberFilterNtNtNtNtCseh4Qxs5TWTh_5modql6filter5nodes4node15IntoFilterNodes12filter_nodes0Bb_
FN:45,_RNCNvXs8_NtNtCsitYIkg1Iwaa_8lib_core5model12groupmembersNtB7_17GroupMemberFilterNtNtNtNtCseh4Qxs5TWTh_5modql6filter5nodes4node15IntoFilterNodes12filter_nodess0_0Bb_
FN:45,_RNCNvXs8_NtNtCsitYIkg1Iwaa_8lib_core5model12groupmembersNtB7_17GroupMemberFilterNtNtNtNtCseh4Qxs5TWTh_5modql6filter5nodes4node15IntoFilterNodes12filter_nodess1_0Bb_
FN:45,_RNCNvXs8_NtNtCsitYIkg1Iwaa_8lib_core5model12groupmembersNtB7_17GroupMemberFilterNtNtNtNtCseh4Qxs5TWTh_5modql6filter5nodes4node15IntoFilterNodes12filter_nodess2_0Bb_
FN:45,_RNCNvXs8_NtNtCsitYIkg1Iwaa_8lib_core5model12groupmembersNtB7_17GroupMemberFilterNtNtNtNtCseh4Qxs5TWTh_5modql6filter5nodes4node15IntoFilterNodes12filter_nodess3_0Bb_
FN:45,_RNCNvXs8_NtNtCsitYIkg1Iwaa_8lib_core5model12groupmembersNtB7_17GroupMemberFilterNtNtNtNtCseh4Qxs5TWTh_5modql6filter5nodes4node15IntoFilterNodes12filter_nodess4_0Bb_
FN:45,_RNCNvXs8_NtNtCsitYIkg1Iwaa_8lib_core5model12groupmembersNtB7_17GroupMemberFilterNtNtNtNtCseh4Qxs5TWTh_5modql6filter5nodes4node15IntoFilterNodes12filter_nodess_0Bb_
FN:18,_RNvXs1_NtNtCsitYIkg1Iwaa_8lib_core5model12groupmembersNtB5_11GroupMemberNtNtNtCseh4Qxs5TWTh_5modql5field10has_fields9HasFields10field_refs
FN:18,_RNvXs1_NtNtCsitYIkg1Iwaa_8lib_core5model12groupmembersNtB5_11GroupMemberNtNtNtCseh4Qxs5TWTh_5modql5field10has_fields9HasFields11field_names
FN:18,_RNvXs2_NtNtCsitYIkg1Iwaa_8lib_core5model12groupmembersNtB5_11GroupMemberNtNtNtNtCseh4Qxs5TWTh_5modql5field3sea14has_sea_fields12HasSeaFields14all_sea_fields
FN:18,_RNvXs2_NtNtCsitYIkg1Iwaa_8lib_core5model12groupmembersNtB5_11GroupMemberNtNtNtNtCseh4Qxs5TWTh_5modql5field3sea14has_sea_fields12HasSeaFields19not_none_sea_fields
FN:18,_RNvXs2_NtNtCsitYIkg1Iwaa_8lib_core5model12groupmembersNtB5_11GroupMemberNtNtNtNtCseh4Qxs5TWTh_5modql5field3sea14has_sea_fields12HasSeaFields9sea_idens
FN:34,_RNvXs4_NtNtCsitYIkg1Iwaa_8lib_core5model12groupmembersNtB5_20GroupMemberForCreateNtNtNtCseh4Qxs5TWTh_5modql5field10has_fields9HasFields10field_refs
FN:34,_RNvXs4_NtNtCsitYIkg1Iwaa_8lib_core5model12groupmembersNtB5_20GroupMemberForCreateNtNtNtCseh4Qxs5TWTh_5modql5field10has_fields9HasFields11field_names
FN:34,_RNvXs5_NtNtCsitYIkg1Iwaa_8lib_core5model12groupmembersNtB5_20GroupMemberForCreateNtNtNtNtCseh4Qxs5TWTh_5modql5field3sea14has_sea_fields12HasSeaFields14all_sea_fields
FN:34,_RNvXs5_NtNtCsitYIkg1Iwaa_8lib_core5model12groupmembersNtB5_20GroupMemberForCreateNtNtNtNtCseh4Qxs5TWTh_5modql5field3sea14has_sea_fields12HasSeaFields19not_none_sea_fields
FN:34,_RNvXs5_NtNtCsitYIkg1Iwaa_8lib_core5model12groupmembersNtB5_20GroupMemberForCreateNtNtNtNtCseh4Qxs5TWTh_5modql5field3sea14has_sea_fields12HasSeaFields9sea_idens
FN:39,_RNvXs6_NtNtCsitYIkg1Iwaa_8lib_core5model12groupmembersNtB5_20GroupMemberForUpdateNtNtNtCseh4Qxs5TWTh_5modql5field10has_fields9HasFields10field_refs
FN:39,_RNvXs6_NtNtCsitYIkg1Iwaa_8lib_core5model12groupmembersNtB5_20GroupMemberForUpdateNtNtNtCseh4Qxs5TWTh_5modql5field10has_fields9HasFields11field_names
FN:39,_RNvXs7_NtNtCsitYIkg1Iwaa_8lib_core5model12groupmembersNtB5_20GroupMemberForUpdateNtNtNtNtCseh4Qxs5TWTh_5modql5field3sea14has_sea_fields12HasSeaFields14all_sea_fields
FN:39,_RNvXs7_NtNtCsitYIkg1Iwaa_8lib_core5model12groupmembersNtB5_20GroupMemberForUpdateNtNtNtNtCseh4Qxs5TWTh_5modql5field3sea14has_sea_fields12HasSeaFields9sea_idens
FN:45,_RNvXs9_NtNtCsitYIkg1Iwaa_8lib_core5model12groupmembersINtNtCse1nGBsou5OW_5alloc3vec3VecNtNtNtNtCseh4Qxs5TWTh_5modql6filter5nodes4node10FilterNodeEINtNtCsfvfooZQ3Axs_4core7convert4FromNtB5_17GroupMemberFilterE4from
FN:45,_RNvXsa_NtNtCsitYIkg1Iwaa_8lib_core5model12groupmembersNtNtNtNtCseh4Qxs5TWTh_5modql6filter5nodes5group11FilterGroupINtNtCsfvfooZQ3Axs_4core7convert4FromNtB5_17GroupMemberFilterE4from
FN:45,_RNvXsb_NtNtCsitYIkg1Iwaa_8lib_core5model12groupmembersNtNtNtNtCseh4Qxs5TWTh_5modql6filter5nodes5group12FilterGroupsINtNtCsfvfooZQ3Axs_4core7convert4FromNtB5_17GroupMemberFilterE4from
FN:45,_RNvXsc_NtNtCsitYIkg1Iwaa_8lib_core5model12groupmembersNtNtNtCsbFThIYmD6Mp_9sea_query5query9condition9ConditionINtNtCsfvfooZQ3Axs_4core7convert7TryFromNtB5_17GroupMemberFilterE8try_from
FNDA:0,_RNCNvXs8_NtNtCsitYIkg1Iwaa_8lib_core5model12groupmembersNtB7_17GroupMemberFilterNtNtNtNtCseh4Qxs5TWTh_5modql6filter5nodes4node15IntoFilterNodes12filter_nodes0Bb_
FNDA:0,_RNCNvXs8_NtNtCsitYIkg1Iwaa_8lib_core5model12groupmembersNtB7_17GroupMemberFilterNtNtNtNtCseh4Qxs5TWTh_5modql6filter5nodes4node15IntoFilterNodes12filter_nodess0_0Bb_
FNDA:0,_RNCNvXs8_NtNtCsitYIkg1Iwaa_8lib_core5model12groupmembersNtB7_17GroupMemberFilterNtNtNtNtCseh4Qxs5TWTh_5modql6filter5nodes4node15IntoFilterNodes12filter_nodess1_0Bb_
FNDA:0,_RNCNvXs8_NtNtCsitYIkg1Iwaa_8lib_core5model12groupmembersNtB7_17GroupMemberFilterNtNtNtNtCseh4Qxs5TWTh_5modql6filter5nodes4node15IntoFilterNodes12filter_nodess2_0Bb_
FNDA:0,_RNCNvXs8_NtNtCsitYIkg1Iwaa_8lib_core5model12groupmembersNtB7_17GroupMemberFilterNtNtNtNtCseh4Qxs5TWTh_5modql6filter5nodes4node15IntoFilterNodes12filter_nodess3_0Bb_
FNDA:0,_RNCNvXs8_NtNtCsitYIkg1Iwaa_8lib_core5model12groupmembersNtB7_17GroupMemberFilterNtNtNtNtCseh4Qxs5TWTh_5modql6filter5nodes4node15IntoFilterNodes12filter_nodess4_0Bb_
FNDA:0,_RNCNvXs8_NtNtCsitYIkg1Iwaa_8lib_core5model12groupmembersNtB7_17GroupMemberFilterNtNtNtNtCseh4Qxs5TWTh_5modql6filter5nodes4node15IntoFilterNodes12filter_nodess_0Bb_
FNDA:0,_RNvXs1_NtNtCsitYIkg1Iwaa_8lib_core5model12groupmembersNtB5_11GroupMemberNtNtNtCseh4Qxs5TWTh_5modql5field10has_fields9HasFields10field_refs
FNDA:0,_RNvXs1_NtNtCsitYIkg1Iwaa_8lib_core5model12groupmembersNtB5_11GroupMemberNtNtNtCseh4Qxs5TWTh_5modql5field10has_fields9HasFields11field_names
FNDA:0,_RNvXs2_NtNtCsitYIkg1Iwaa_8lib_core5model12groupmembersNtB5_11GroupMemberNtNtNtNtCseh4Qxs5TWTh_5modql5field3sea14has_sea_fields12HasSeaFields14all_sea_fields
FNDA:0,_RNvXs2_NtNtCsitYIkg1Iwaa_8lib_core5model12groupmembersNtB5_11GroupMemberNtNtNtNtCseh4Qxs5TWTh_5modql5field3sea14has_sea_fields12HasSeaFields19not_none_sea_fields
FNDA:0,_RNvXs2_NtNtCsitYIkg1Iwaa_8lib_core5model12groupmembersNtB5_11GroupMemberNtNtNtNtCseh4Qxs5TWTh_5modql5field3sea14has_sea_fields12HasSeaFields9sea_idens
FNDA:0,_RNvXs4_NtNtCsitYIkg1Iwaa_8lib_core5model12groupmembersNtB5_20GroupMemberForCreateNtNtNtCseh4Qxs5TWTh_5modql5field10has_fields9HasFields10field_refs
FNDA:0,_RNvXs4_NtNtCsitYIkg1Iwaa_8lib_core5model12groupmembersNtB5_20GroupMemberForCreateNtNtNtCseh4Qxs5TWTh_5modql5field10has_fields9HasFields11field_names
FNDA:0,_RNvXs5_NtNtCsitYIkg1Iwaa_8lib_core5model12groupmembersNtB5_20GroupMemberForCreateNtNtNtNtCseh4Qxs5TWTh_5modql5field3sea14has_sea_fields12HasSeaFields14all_sea_fields
FNDA:0,_RNvXs5_NtNtCsitYIkg1Iwaa_8lib_core5model12groupmembersNtB5_20GroupMemberForCreateNtNtNtNtCseh4Qxs5TWTh_5modql5field3sea14has_sea_fields12HasSeaFields19not_none_sea_fields
FNDA:0,_RNvXs5_NtNtCsitYIkg1Iwaa_8lib_core5model12groupmembersNtB5_20GroupMemberForCreateNtNtNtNtCseh4Qxs5TWTh_5modql5field3sea14has_sea_fields12HasSeaFields9sea_idens
FNDA:0,_RNvXs6_NtNtCsitYIkg1Iwaa_8lib_core5model12groupmembersNtB5_20GroupMemberForUpdateNtNtNtCseh4Qxs5TWTh_5modql5field10has_fields9HasFields10field_refs
FNDA:0,_RNvXs6_NtNtCsitYIkg1Iwaa_8lib_core5model12groupmembersNtB5_20GroupMemberForUpdateNtNtNtCseh4Qxs5TWTh_5modql5field10has_fields9HasFields11field_names
[...]
FN:5,_RNvNtCs57Hs8bRO6wH_9lib_utils4time7now_utc
FN:18,_RNvNtCs57Hs8bRO6wH_9lib_utils4time9parse_utc
FN:34,_RNvXNtCs57Hs8bRO6wH_9lib_utils4timeNtB2_5ErrorNtNtCsfvfooZQ3Axs_4core3fmt7Display3fmt
FN:20,_RNCNvNtCseTkWySB6pg1_9lib_utils4time9parse_utc0B5_
FN:9,_RNvNtCseTkWySB6pg1_9lib_utils4time11format_time
FN:13,_RNvNtCseTkWySB6pg1_9lib_utils4time20now_utc_plus_sec_str
FN:5,_RNvNtCseTkWySB6pg1_9lib_utils4time7now_utc
FN:18,_RNvNtCseTkWySB6pg1_9lib_utils4time9parse_utc
FN:34,_RNvXNtCseTkWySB6pg1_9lib_utils4timeNtB2_5ErrorNtNtCsfvfooZQ3Axs_4core3fmt7Display3fmt
FNDA:0,_RNCNvNtCs57Hs8bRO6wH_9lib_utils4time9parse_utc0B5_
FNDA:6,_RNvNtCs57Hs8bRO6wH_9lib_utils4time11format_time
FNDA:2,_RNvNtCs57Hs8bRO6wH_9lib_utils4time20now_utc_plus_sec_str
FNDA:175,_RNvNtCs57Hs8bRO6wH_9lib_utils4time7now_utc
FNDA:2,_RNvNtCs57Hs8bRO6wH_9lib_utils4time9parse_utc
FNDA:0,_RNvXNtCs57Hs8bRO6wH_9lib_utils4timeNtB2_5ErrorNtNtCsfvfooZQ3Axs_4core3fmt7Display3fmt
FNDA:0,_RNCNvNtCseTkWySB6pg1_9lib_utils4time9parse_utc0B5_
FNDA:0,_RNvNtCseTkWySB6pg1_9lib_utils4time11format_time
FNDA:0,_RNvNtCseTkWySB6pg1_9lib_utils4time20now_utc_plus_sec_str
FNDA:0,_RNvNtCseTkWySB6pg1_9lib_utils4time7now_utc
FNDA:0,_RNvNtCseTkWySB6pg1_9lib_utils4time9parse_utc
FNDA:0,_RNvXNtCseTkWySB6pg1_9lib_utils4timeNtB2_5ErrorNtNtCsfvfooZQ3Axs_4core3fmt7Display3fmt
FNF:6
FNH:4
DA:5,175
DA:6,175
DA:7,175
DA:9,6
DA:10,6
DA:11,6
DA:13,2
DA:14,2
DA:15,2
DA:16,2
DA:18,2
DA:19,2
DA:20,2
DA:21,2
DA:34,0
DA:35,0
DA:36,0
DA:37,0
DA:38,0
DA:39,0
BRF:0
BRH:0
LF:21
LH:14
end_of_record
SF:/Users/benmi/Ws/little-manager/crates/libs/lib-web/src/error.rs
FN:139,_RNvMs2_NtCscwuhxX8jOVO_7lib_web5errorNtB5_5Error23client_status_and_error
FN:83,_RNvXNtCscwuhxX8jOVO_7lib_web5errorNtB2_5ErrorINtNtCsfvfooZQ3Axs_4core7convert4FromNtNtNtCseu9HrIbz2Yj_10rpc_router6router10call_error9CallErrorE4from
FN:124,_RNvXs0_NtCscwuhxX8jOVO_7lib_web5errorNtB5_5ErrorNtNtCsfvfooZQ3Axs_4core3fmt7Display3fmt
FN:108,_RNvXs_NtCscwuhxX8jOVO_7lib_web5errorNtB4_5ErrorNtNtNtCsd3HTiEFl3xm_9axum_core8response13into_response12IntoResponse13into_response
FNDA:0,_RNvMs2_NtCscwuhxX8jOVO_7lib_web5errorNtB5_5Error23client_status_and_error
FNDA:0,_RNvXNtCscwuhxX8jOVO_7lib_web5errorNtB2_5ErrorINtNtCsfvfooZQ3Axs_4core7convert4FromNtNtNtCseu9HrIbz2Yj_10rpc_router6router10call_error9CallErrorE4from
FNDA:0,_RNvXs0_NtCscwuhxX8jOVO_7lib_web5errorNtB5_5ErrorNtNtCsfvfooZQ3Axs_4core3fmt7Display3fmt
FNDA:0,_RNvXs_NtCscwuhxX8jOVO_7lib_web5errorNtB4_5ErrorNtNtNtCsd3HTiEFl3xm_9axum_core8response13into_response12IntoResponse13into_response
FNF:4
FNH:0
DA:83,0
DA:84,0
DA:85,0
DA:86,0
DA:87,0
DA:88,0
DA:90,0
DA:94,0
DA:95,0
DA:96,0
DA:99,0
DA:101,0
DA:108,0
DA:109,0
DA:112,0
DA:113,0
DA:114,0
DA:115,0
DA:116,0
DA:117,0
DA:118,0
DA:124,0
DA:125,0
DA:126,0
DA:127,0
DA:128,0
DA:129,0
DA:139,0
DA:142,0
DA:147,0
DA:151,0
DA:154,0
DA:155,0
DA:156,0
DA:157,0
DA:160,0
DA:161,0
DA:162,0
DA:163,0
DA:166,0
DA:167,0
DA:168,0
DA:169,0
DA:170,0
DA:171,0
DA:172,0
DA:173,0
DA:175,0
DA:176,0
DA:177,0
DA:178,0
DA:179,0
DA:180,0
DA:183,0
DA:184,0
DA:185,0
DA:186,0
DA:187,0
DA:188,0
DA:189,0
DA:190,0
DA:193,0
DA:194,0
DA:195,0
DA:196,0
DA:198,0
BRF:0
BRH:0
LF:66
LH:0
end_of_record
SF:/Users/benmi/Ws/little-manager/crates/libs/lib-web/src/handlers/handlers_rpc.rs
FN:55,_RNCNCNvNtNtCscwuhxX8jOVO_7lib_web8handlers12handlers_rpc16rpc_axum_handler00B9_
FN:23,_RNCNvNtNtCscwuhxX8jOVO_7lib_web8handlers12handlers_rpc16rpc_axum_handler0B7_
FN:19,_RNvNtNtCscwuhxX8jOVO_7lib_web8handlers12handlers_rpc16rpc_axum_handler
FNDA:0,_RNCNCNvNtNtCscwuhxX8jOVO_7lib_web8handlers12handlers_rpc16rpc_axum_handler00B9_
FNDA:0,_RNCNvNtNtCscwuhxX8jOVO_7lib_web8handlers12handlers_rpc16rpc_axum_handler0B7_
FNDA:0,_RNvNtNtCscwuhxX8jOVO_7lib_web8handlers12handlers_rpc16rpc_axum_handler
FNF:3
FNH:0
DA:19,0
DA:20,0
DA:21,0
DA:22,0
DA:23,0
DA:24,0
DA:27,0
DA:28,0
DA:29,0
DA:30,0
DA:31,0
DA:37,0
DA:38,0
DA:39,0
DA:40,0
DA:41,0
DA:42,0
DA:43,0
DA:44,0
DA:45,0
DA:46,0
DA:49,0
DA:50,0
DA:51,0
DA:55,0
DA:56,0
DA:57,0
DA:58,0
DA:59,0
DA:60,0
DA:61,0
DA:62,0
DA:63,0
DA:64,0
DA:65,0
DA:66,0
DA:67,0
DA:68,0
DA:69,0
DA:70,0
DA:71,0
DA:72,0
DA:73,0
DA:74,0
DA:75,0
BRF:0
BRH:0
LF:48
LH:0
end_of_record
SF:/Users/benmi/Ws/little-manager/crates/libs/lib-web/src/handlers/handlers_signin.rs
FN:47,_RNCNCNvNtNtCscwuhxX8jOVO_7lib_web8handlers15handlers_signin19api_sign_in_handler00B9_
FN:19,_RNCNvNtNtCscwuhxX8jOVO_7lib_web8handlers15handlers_signin19api_sign_in_handler0B7_
FN:79,_RNCNvNtNtCscwuhxX8jOVO_7lib_web8handlers15handlers_signin20api_sign_out_handler0B7_
FN:15,_RNvNtNtCscwuhxX8jOVO_7lib_web8handlers15handlers_signin19api_sign_in_handler
FN:76,_RNvNtNtCscwuhxX8jOVO_7lib_web8handlers15handlers_signin20api_sign_out_handler
FNDA:0,_RNCNCNvNtNtCscwuhxX8jOVO_7lib_web8handlers15handlers_signin19api_sign_in_handler00B9_
FNDA:0,_RNCNvNtNtCscwuhxX8jOVO_7lib_web8handlers15handlers_signin19api_sign_in_handler0B7_
FNDA:0,_RNCNvNtNtCscwuhxX8jOVO_7lib_web8handlers15handlers_signin20api_sign_out_handler0B7_
FNDA:0,_RNvNtNtCscwuhxX8jOVO_7lib_web8handlers15handlers_signin19api_sign_in_handler
FNDA:0,_RNvNtNtCscwuhxX8jOVO_7lib_web8handlers15handlers_signin20api_sign_out_handler
FNF:5
FNH:0
DA:15,0
DA:16,0
DA:17,0
DA:18,0
DA:19,0
DA:20,0
DA:23,0
DA:24,0
DA:25,0
DA:26,0
DA:29,0
DA:30,0
DA:31,0
DA:32,0
DA:35,0
DA:36,0
DA:39,0
DA:40,0
DA:41,0
DA:42,0
DA:43,0
DA:44,0
DA:45,0
DA:46,0
DA:47,0
DA:50,0
DA:51,0
DA:52,0
DA:53,0
DA:56,0
DA:59,0
DA:60,0
DA:61,0
DA:62,0
DA:63,0
DA:64,0
DA:65,0
DA:66,0
DA:76,0
DA:77,0
DA:78,0
DA:79,0
DA:80,0
DA:81,0
DA:82,0
DA:83,0
DA:84,0
DA:85,0
DA:88,0
DA:89,0
DA:90,0
DA:91,0
DA:92,0
DA:93,0
DA:94,0
DA:95,0
BRF:0
BRH:0
LF:59
LH:0
end_of_record
SF:/Users/benmi/Ws/little-manager/crates/libs/lib-web/src/log/mod.rs
FN:46,_RNCNCNCNvNtCscwuhxX8jOVO_7lib_web3log11log_request0s0_00B9_
FN:27,_RNCNCNCNvNtCscwuhxX8jOVO_7lib_web3log11log_request0s_00B9_
FN:24,_RNCNCNvNtCscwuhxX8jOVO_7lib_web3log11log_request00B7_
FN:46,_RNCNCNvNtCscwuhxX8jOVO_7lib_web3log11log_request0s0_0B7_
FN:47,_RNCNCNvNtCscwuhxX8jOVO_7lib_web3log11log_request0s1_0B7_
FN:49,_RNCNCNvNtCscwuhxX8jOVO_7lib_web3log11log_request0s2_0B7_
FN:51,_RNCNCNvNtCscwuhxX8jOVO_7lib_web3log11log_request0s3_0B7_
FN:27,_RNCNCNvNtCscwuhxX8jOVO_7lib_web3log11log_request0s_0B7_
FN:22,_RNCNvNtCscwuhxX8jOVO_7lib_web3log11log_request0B5_
FN:14,_RNvNtCscwuhxX8jOVO_7lib_web3log11log_request
FNDA:0,_RNCNCNCNvNtCscwuhxX8jOVO_7lib_web3log11log_request0s0_00B9_
FNDA:0,_RNCNCNCNvNtCscwuhxX8jOVO_7lib_web3log11log_request0s_00B9_
FNDA:0,_RNCNCNvNtCscwuhxX8jOVO_7lib_web3log11log_request00B7_
FNDA:0,_RNCNCNvNtCscwuhxX8jOVO_7lib_web3log11log_request0s0_0B7_
FNDA:0,_RNCNCNvNtCscwuhxX8jOVO_7lib_web3log11log_request0s1_0B7_
FNDA:0,_RNCNCNvNtCscwuhxX8jOVO_7lib_web3log11log_request0s2_0B7_
FNDA:0,_RNCNCNvNtCscwuhxX8jOVO_7lib_web3log11log_request0s3_0B7_
FNDA:0,_RNCNCNvNtCscwuhxX8jOVO_7lib_web3log11log_request0s_0B7_
FNDA:0,_RNCNvNtCscwuhxX8jOVO_7lib_web3log11log_request0B5_
FNDA:0,_RNvNtCscwuhxX8jOVO_7lib_web3log11log_request
FNF:10
FNH:0
DA:14,0
DA:15,0
DA:16,0
DA:17,0
DA:18,0
DA:19,0
DA:20,0
DA:21,0
DA:22,0
DA:23,0
DA:24,0
DA:25,0
DA:26,0
DA:27,0
DA:28,0
DA:29,0
DA:30,0
DA:31,0
DA:32,0
DA:33,0
DA:34,0
DA:35,0
DA:36,0
DA:37,0
DA:38,0
DA:39,0
DA:40,0
DA:41,0
DA:42,0
DA:43,0
DA:44,0
DA:45,0
DA:46,0
DA:47,0
DA:48,0
DA:49,0
DA:50,0
DA:51,0
DA:52,0
DA:53,0
DA:54,0
DA:55,0
DA:56,0
DA:57,0
DA:61,0
DA:62,0
BRF:0
BRH:0
LF:55
LH:0
end_of_record
SF:/Users/benmi/Ws/little-manager/crates/libs/lib-web/src/middleware/mw_auth.rs
FN:61,_RNCNCNvNtNtCscwuhxX8jOVO_7lib_web10middleware7mw_auth11ctx_resolve00B9_
FN:71,_RNCNCNvNtNtCscwuhxX8jOVO_7lib_web10middleware7mw_auth11ctx_resolve0s0_0B9_
FN:76,_RNCNCNvNtNtCscwuhxX8jOVO_7lib_web10middleware7mw_auth11ctx_resolve0s1_0B9_
FN:80,_RNCNCNvNtNtCscwuhxX8jOVO_7lib_web10middleware7mw_auth11ctx_resolve0s2_0B9_
FN:85,_RNCNCNvNtNtCscwuhxX8jOVO_7lib_web10middleware7mw_auth11ctx_resolve0s3_0B9_
FN:65,_RNCNCNvNtNtCscwuhxX8jOVO_7lib_web10middleware7mw_auth11ctx_resolve0s_0B9_
FN:57,_RNCNvNtNtCscwuhxX8jOVO_7lib_web10middleware7mw_auth11ctx_resolve0B7_
FN:21,_RNCNvNtNtCscwuhxX8jOVO_7lib_web10middleware7mw_auth14mw_ctx_require0B7_
FN:39,_RNCNvNtNtCscwuhxX8jOVO_7lib_web10middleware7mw_auth15mw_ctx_resolver0B7_
FN:95,_RNCNvXININtNtCscwuhxX8jOVO_7lib_web10middleware7mw_auth0pENtB7_4CtxWINtNtCsd3HTiEFl3xm_9axum_core7extract16FromRequestPartspE18from_request_parts0Bb_
FN:57,_RNvNtNtCscwuhxX8jOVO_7lib_web10middleware7mw_auth11ctx_resolve
FN:17,_RNvNtNtCscwuhxX8jOVO_7lib_web10middleware7mw_auth14mw_ctx_require
FN:34,_RNvNtNtCscwuhxX8jOVO_7lib_web10middleware7mw_auth15mw_ctx_resolver
FN:95,_RNvXININtNtCscwuhxX8jOVO_7lib_web10middleware7mw_auth0pENtB5_4CtxWINtNtCsd3HTiEFl3xm_9axum_core7extract16FromRequestPartspE18from_request_partsB9_
FNDA:0,_RNCNCNvNtNtCscwuhxX8jOVO_7lib_web10middleware7mw_auth11ctx_resolve00B9_
FNDA:0,_RNCNCNvNtNtCscwuhxX8jOVO_7lib_web10middleware7mw_auth11ctx_resolve0s0_0B9_
FNDA:0,_RNCNCNvNtNtCscwuhxX8jOVO_7lib_web10middleware7mw_auth11ctx_resolve0s1_0B9_
FNDA:0,_RNCNCNvNtNtCscwuhxX8jOVO_7lib_web10middleware7mw_auth11ctx_resolve0s2_0B9_
FNDA:0,_RNCNCNvNtNtCscwuhxX8jOVO_7lib_web10middleware7mw_auth11ctx_resolve0s3_0B9_
FNDA:0,_RNCNCNvNtNtCscwuhxX8jOVO_7lib_web10middleware7mw_auth11ctx_resolve0s_0B9_
FNDA:0,_RNCNvNtNtCscwuhxX8jOVO_7lib_web10middleware7mw_auth11ctx_resolve0B7_
FNDA:0,_RNCNvNtNtCscwuhxX8jOVO_7lib_web10middleware7mw_auth14mw_ctx_require0B7_
FNDA:0,_RNCNvNtNtCscwuhxX8jOVO_7lib_web10middleware7mw_auth15mw_ctx_resolver0B7_
FNDA:0,_RNCNvXININtNtCscwuhxX8jOVO_7lib_web10middleware7mw_auth0pENtB7_4CtxWINtNtCsd3HTiEFl3xm_9axum_core7extract16FromRequestPartspE18from_request_parts0Bb_
FNDA:0,_RNvNtNtCscwuhxX8jOVO_7lib_web10middleware7mw_auth11ctx_resolve
FNDA:0,_RNvNtNtCscwuhxX8jOVO_7lib_web10middleware7mw_auth14mw_ctx_require
FNDA:0,_RNvNtNtCscwuhxX8jOVO_7lib_web10middleware7mw_auth15mw_ctx_resolver
FNDA:0,_RNvXININtNtCscwuhxX8jOVO_7lib_web10middleware7mw_auth0pENtB5_4CtxWINtNtCsd3HTiEFl3xm_9axum_core7extract16FromRequestPartspE18from_request_partsB9_
FNF:14
FNH:0
DA:17,0
DA:18,0
DA:19,0
DA:20,0
DA:21,0
DA:22,0
DA:24,0
DA:26,0
DA:27,0
DA:34,0
DA:35,0
DA:36,0
DA:37,0
DA:38,0
DA:39,0
DA:40,0
DA:42,0
DA:44,0
DA:45,0
DA:47,0
DA:48,0
DA:52,0
DA:53,0
DA:54,0
DA:55,0
DA:57,0
DA:59,0
DA:60,0
DA:61,0
DA:62,0
DA:65,0
DA:68,0
DA:69,0
DA:70,0
DA:71,0
DA:72,0
DA:75,0
DA:76,0
DA:79,0
DA:80,0
DA:83,0
DA:84,0
DA:85,0
DA:86,0
DA:95,0
DA:96,0
DA:98,0
DA:99,0
DA:100,0
DA:101,0
DA:102,0
DA:103,0
DA:104,0
BRF:0
BRH:0
LF:63
LH:0
end_of_record
SF:/Users/benmi/Ws/little-manager/crates/libs/lib-web/src/middleware/mw_req_stamp.rs
FN:22,_RNCNvNtNtCscwuhxX8jOVO_7lib_web10middleware12mw_req_stamp21mw_req_stamp_resolver0B7_
FN:37,_RNCNvXININtNtCscwuhxX8jOVO_7lib_web10middleware12mw_req_stamp0pENtB7_8ReqStampINtNtCsd3HTiEFl3xm_9axum_core7extract16FromRequestPartspE18from_request_parts0Bb_
FN:19,_RNvNtNtCscwuhxX8jOVO_7lib_web10middleware12mw_req_stamp21mw_req_stamp_resolver
FN:37,_RNvXININtNtCscwuhxX8jOVO_7lib_web10middleware12mw_req_stamp0pENtB5_8ReqStampINtNtCsd3HTiEFl3xm_9axum_core7extract16FromRequestPartspE18from_request_partsB9_
FNDA:0,_RNCNvNtNtCscwuhxX8jOVO_7lib_web10middleware12mw_req_stamp21mw_req_stamp_resolver0B7_
FNDA:0,_RNCNvXININtNtCscwuhxX8jOVO_7lib_web10middleware12mw_req_stamp0pENtB7_8ReqStampINtNtCsd3HTiEFl3xm_9axum_core7extract16FromRequestPartspE18from_request_parts0Bb_
FNDA:0,_RNvNtNtCscwuhxX8jOVO_7lib_web10middleware12mw_req_stamp21mw_req_stamp_resolver
FNDA:0,_RNvXININtNtCscwuhxX8jOVO_7lib_web10middleware12mw_req_stamp0pENtB5_8ReqStampINtNtCsd3HTiEFl3xm_9axum_core7extract16FromRequestPartspE18from_request_partsB9_
FNF:4
FNH:0
DA:19,0
DA:20,0
DA:21,0
DA:22,0
DA:23,0
DA:25,0
DA:26,0
DA:27,0
DA:28,0
DA:29,0
DA:30,0
DA:31,0
DA:37,0
DA:38,0
DA:40,0
DA:41,0
DA:42,0
DA:43,0
DA:44,0
DA:45,0
BRF:0
BRH:0
LF:22
LH:0
end_of_record
SF:/Users/benmi/Ws/little-manager/crates/libs/lib-web/src/middleware/mw_res_map.rs
FN:39,_RNCNCNCNvNtNtCscwuhxX8jOVO_7lib_web10middleware10mw_res_map14mw_reponse_map0s0_00Bb_
FN:43,_RNCNCNCNvNtNtCscwuhxX8jOVO_7lib_web10middleware10mw_res_map14mw_reponse_map0s0_0s0_0Bb_
FN:40,_RNCNCNCNvNtNtCscwuhxX8jOVO_7lib_web10middleware10mw_res_map14mw_reponse_map0s0_0s_0Bb_
FN:22,_RNCNCNvNtNtCscwuhxX8jOVO_7lib_web10middleware10mw_res_map14mw_reponse_map00B9_
FN:37,_RNCNCNvNtNtCscwuhxX8jOVO_7lib_web10middleware10mw_res_map14mw_reponse_map0s0_0B9_
FN:31,_RNCNCNvNtNtCscwuhxX8jOVO_7lib_web10middleware10mw_res_map14mw_reponse_map0s_0B9_
FN:21,_RNCNvNtNtCscwuhxX8jOVO_7lib_web10middleware10mw_res_map14mw_reponse_map0B7_
FN:15,_RNvNtNtCscwuhxX8jOVO_7lib_web10middleware10mw_res_map14mw_reponse_map
FNDA:0,_RNCNCNCNvNtNtCscwuhxX8jOVO_7lib_web10middleware10mw_res_map14mw_reponse_map0s0_00Bb_
FNDA:0,_RNCNCNCNvNtNtCscwuhxX8jOVO_7lib_web10middleware10mw_res_map14mw_reponse_map0s0_0s0_0Bb_
FNDA:0,_RNCNCNCNvNtNtCscwuhxX8jOVO_7lib_web10middleware10mw_res_map14mw_reponse_map0s0_0s_0Bb_
FNDA:0,_RNCNCNvNtNtCscwuhxX8jOVO_7lib_web10middleware10mw_res_map14mw_reponse_map00B9_
FNDA:0,_RNCNCNvNtNtCscwuhxX8jOVO_7lib_web10middleware10mw_res_map14mw_reponse_map0s0_0B9_
FNDA:0,_RNCNCNvNtNtCscwuhxX8jOVO_7lib_web10middleware10mw_res_map14mw_reponse_map0s_0B9_
FNDA:0,_RNCNvNtNtCscwuhxX8jOVO_7lib_web10middleware10mw_res_map14mw_reponse_map0B7_
FNDA:0,_RNvNtNtCscwuhxX8jOVO_7lib_web10middleware10mw_res_map14mw_reponse_map
FNF:8
FNH:0
DA:15,0
DA:16,0
DA:17,0
DA:18,0
DA:19,0
DA:20,0
DA:21,0
DA:22,0
DA:23,0
DA:24,0
DA:25,0
DA:26,0
DA:27,0
DA:28,0
DA:29,0
DA:30,0
DA:31,0
DA:32,0
DA:33,0
DA:34,0
DA:35,0
DA:36,0
DA:37,0
DA:38,0
DA:39,0
DA:40,0
DA:41,0
DA:42,0
DA:43,0
DA:44,0
DA:45,0
DA:46,0
DA:47,0
DA:48,0
DA:49,0
DA:50,0
DA:51,0
DA:52,0
DA:53,0
DA:56,0
DA:57,0
DA:58,0
DA:59,0
DA:60,0
DA:61,0
DA:62,0
DA:63,0
DA:64,0
DA:65,0
DA:66,0
DA:67,0
DA:68,0
DA:69,0
DA:70,0
DA:71,0
DA:72,0
DA:74,0
DA:76,0
DA:77,0
BRF:0
BRH:0
LF:67
LH:0
end_of_record
SF:/Users/benmi/Ws/little-manager/crates/libs/lib-web/src/routes/routes_static.rs
FN:9,_RNCNvNvNtNtCscwuhxX8jOVO_7lib_web6routes13routes_static9serve_dir10handle_4040B9_
FN:8,_RNvNtNtCscwuhxX8jOVO_7lib_web6routes13routes_static9serve_dir
FN:9,_RNvNvNtNtCscwuhxX8jOVO_7lib_web6routes13routes_static9serve_dir10handle_404
FNDA:0,_RNCNvNvNtNtCscwuhxX8jOVO_7lib_web6routes13routes_static9serve_dir10handle_4040B9_
FNDA:0,_RNvNtNtCscwuhxX8jOVO_7lib_web6routes13routes_static9serve_dir
FNDA:0,_RNvNvNtNtCscwuhxX8jOVO_7lib_web6routes13routes_static9serve_dir10handle_404
FNF:3
FNH:0
DA:8,0
DA:9,0
DA:10,0
DA:11,0
DA:13,0
DA:14,0
DA:15,0
DA:16,0
DA:17,0
BRF:0
BRH:0
LF:10
LH:0
end_of_record
SF:/Users/benmi/Ws/little-manager/crates/libs/lib-web/src/utils/token.rs
FN:12,_RNvNtNtCscwuhxX8jOVO_7lib_web5utils5token16set_token_cookie
FN:24,_RNvNtNtCscwuhxX8jOVO_7lib_web5utils5token19remove_token_cookie
FNDA:0,_RNvNtNtCscwuhxX8jOVO_7lib_web5utils5token16set_token_cookie
FNDA:0,_RNvNtNtCscwuhxX8jOVO_7lib_web5utils5token19remove_token_cookie
FNF:2
FNH:0
DA:12,0
DA:13,0
DA:15,0
DA:16,0
DA:17,0
DA:18,0
DA:19,0
DA:20,0
DA:21,0
DA:22,0
DA:24,0
DA:25,0
DA:26,0
DA:27,0
DA:28,0
DA:29,0
DA:30,0
DA:31,0
BRF:0
BRH:0
LF:18
LH:0
end_of_record
SF:/Users/benmi/Ws/little-manager/crates/services/web-server/src/config.rs
FN:8,_RNCNCNvNtCseYc4mPoXiCc_10web_server6config10web_config00B7_
FN:7,_RNCNvNtCseYc4mPoXiCc_10web_server6config10web_config0B5_
FN:20,_RNvMNtCseYc4mPoXiCc_10web_server6configNtB2_9WebConfig13load_from_env
FN:4,_RNvNtCseYc4mPoXiCc_10web_server6config10web_config
FNDA:0,_RNCNCNvNtCseYc4mPoXiCc_10web_server6config10web_config00B7_
FNDA:0,_RNCNvNtCseYc4mPoXiCc_10web_server6config10web_config0B5_
FNDA:0,_RNvMNtCseYc4mPoXiCc_10web_server6configNtB2_9WebConfig13load_from_env
FNDA:0,_RNvNtCseYc4mPoXiCc_10web_server6config10web_config
FNF:4
FNH:0
DA:4,0
DA:7,0
DA:8,0
DA:9,0
DA:10,0
DA:11,0
DA:12,0
DA:20,0
DA:21,0
DA:22,0
DA:24,0
BRF:0
BRH:0
LF:14
LH:0
end_of_record
SF:/Users/benmi/Ws/little-manager/crates/services/web-server/src/error.rs
FN:15,_RNvXNtCseYc4mPoXiCc_10web_server5errorNtB2_5ErrorNtNtCsfvfooZQ3Axs_4core3fmt7Display3fmt
FNDA:0,_RNvXNtCseYc4mPoXiCc_10web_server5errorNtB2_5ErrorNtNtCsfvfooZQ3Axs_4core3fmt7Display3fmt
FNF:1
FNH:0
DA:15,0
DA:16,0
DA:17,0
DA:18,0
DA:19,0
DA:20,0
BRF:0
BRH:0
LF:6
LH:0
end_of_record
SF:/Users/benmi/Ws/little-manager/crates/services/web-server/src/main.rs
FN:28,_RNCNvCseYc4mPoXiCc_10web_server4main0B3_
FN:28,_RNvCseYc4mPoXiCc_10web_server4main
FNDA:0,_RNCNvCseYc4mPoXiCc_10web_server4main0B3_
FNDA:0,_RNvCseYc4mPoXiCc_10web_server4main
FNF:2
FNH:0
DA:28,0
DA:29,0
DA:30,0
DA:31,0
DA:32,0
DA:33,0
DA:34,0
DA:35,0
DA:36,0
DA:37,0
DA:38,0
DA:39,0
DA:40,0
DA:41,0
DA:42,0
DA:43,0
DA:44,0
DA:45,0
DA:46,0
DA:47,0
DA:48,0
DA:49,0
DA:50,0
DA:51,0
DA:52,0
DA:53,0
DA:54,0
DA:55,0
DA:56,0
DA:57,0
DA:58,0
DA:59,0
DA:60,0
DA:61,0
DA:62,0
DA:63,0
BRF:0
BRH:0
LF:65
LH:0
end_of_record
SF:/Users/benmi/Ws/little-manager/crates/services/web-server/src/web/routes_rpc.rs
FN:10,_RNvNtNtCseYc4mPoXiCc_10web_server3web10routes_rpc6routes
FNDA:0,_RNvNtNtCseYc4mPoXiCc_10web_server3web10routes_rpc6routes
FNF:1
FNH:0
DA:10,0
DA:11,0
DA:12,0
DA:13,0
DA:14,0
DA:15,0
DA:16,0
DA:17,0
DA:18,0
DA:19,0
DA:20,0
DA:21,0
BRF:0
BRH:0
LF:12
LH:0
end_of_record
SF:/Users/benmi/Ws/little-manager/crates/services/web-server/src/web/routes_signin.rs
FN:6,_RNvNtNtCseYc4mPoXiCc_10web_server3web13routes_signin6routes
FNDA:0,_RNvNtNtCseYc4mPoXiCc_10web_server3web13routes_signin6routes
FNF:1
FNH:0
DA:6,0
DA:7,0
DA:8,0
DA:9,0
DA:10,0
DA:11,0
BRF:0
BRH:0
LF:6
LH:0
end_of_record
SF:/Users/benmi/Ws/little-manager/crates/services/web-server/src/web/rpcs/mod.rs
FN:13,_RNvNtNtCseYc4mPoXiCc_10web_server3web4rpcs22all_rpc_router_builder
FNDA:0,_RNvNtNtCseYc4mPoXiCc_10web_server3web4rpcs22all_rpc_router_builder
FNF:1
FNH:0
DA:13,0
DA:14,0
DA:15,0
DA:16,0
DA:17,0
DA:18,0
DA:19,0
DA:20,0
BRF:0
BRH:0
LF:8
LH:0
end_of_record
SF:/Users/benmi/Ws/little-manager/crates/services/web-server/src/web/rpcs/project_rpc.rs
FN:6,_RNvNtNtNtCseYc4mPoXiCc_10web_server3web4rpcs11project_rpc18rpc_router_builder
FNDA:0,_RNvNtNtNtCseYc4mPoXiCc_10web_server3web4rpcs11project_rpc18rpc_router_builder
FNF:1
FNH:0
DA:6,0
DA:7,0
DA:8,0
DA:9,0
DA:10,0
DA:11,0
DA:12,0
DA:13,0
DA:14,0
DA:15,0
BRF:0
BRH:0
LF:10
LH:0
end_of_record
SF:/Users/benmi/Ws/little-manager/crates/services/web-server/src/web/rpcs/task_rpc.rs
FN:6,_RNvNtNtNtCseYc4mPoXiCc_10web_server3web4rpcs8task_rpc18rpc_router_builder
FNDA:0,_RNvNtNtNtCseYc4mPoXiCc_10web_server3web4rpcs8task_rpc18rpc_router_builder
FNF:1
FNH:0
DA:6,0
DA:7,0
DA:8,0
DA:9,0
DA:10,0
DA:11,0
DA:12,0
DA:13,0
DA:14,0
DA:15,0
BRF:0
BRH:0
LF:10
LH:0
end_of_record
SF:/Users/benmi/Ws/little-manager/crates/services/web-server/src/web/rpcs/taskprogress_rpc.rs
FN:7,_RNvNtNtNtCseYc4mPoXiCc_10web_server3web4rpcs16taskprogress_rpc18rpc_router_builder
FNDA:0,_RNvNtNtNtCseYc4mPoXiCc_10web_server3web4rpcs16taskprogress_rpc18rpc_router_builder
FNF:1
FNH:0
DA:7,0
DA:8,0
DA:9,0
DA:10,0
DA:11,0
DA:12,0
DA:13,0
DA:14,0
DA:15,0
DA:16,0
BRF:0
BRH:0
LF:10
LH:0
end_of_record
SF:/Users/benmi/Ws/little-manager/crates/services/web-server/src/web/rpcs/tasktime_rpc.rs
FN:6,_RNvNtNtNtCseYc4mPoXiCc_10web_server3web4rpcs12tasktime_rpc18rpc_router_builder
FNDA:0,_RNvNtNtNtCseYc4mPoXiCc_10web_server3web4rpcs12tasktime_rpc18rpc_router_builder
FNF:1
FNH:0
DA:6,0
DA:7,0
DA:8,0
DA:9,0
DA:10,0
DA:11,0
DA:12,0
DA:13,0
DA:14,0
DA:15,0
BRF:0
BRH:0
LF:10
LH:0
end_of_record
SF:/Users/benmi/Ws/little-manager/crates/services/web-server/src/web/rpcs/timerecord_rpc.rs
FN:7,_RNvNtNtNtCseYc4mPoXiCc_10web_server3web4rpcs14timerecord_rpc18rpc_router_builder
FNDA:0,_RNvNtNtNtCseYc4mPoXiCc_10web_server3web4rpcs14timerecord_rpc18rpc_router_builder
FNF:1
FNH:0
DA:7,0
DA:8,0
DA:9,0
DA:10,0
DA:11,0
DA:12,0
DA:13,0
DA:14,0
DA:15,0
DA:16,0
BRF:0
BRH:0
LF:10
LH:0
end_of_record
SF:/Users/benmi/Ws/little-manager/crates/tools/gen-key/src/main.rs
FN:7,_RNvCsfqhioHAzqbk_7gen_key4main
FNDA:0,_RNvCsfqhioHAzqbk_7gen_key4main
FNF:1
FNH:0
DA:7,0
DA:8,0
DA:9,0
DA:10,0
DA:11,0
DA:12,0
DA:13,0
DA:14,0
DA:15,0
DA:16,0
BRF:0
BRH:0
LF:10
LH:0
end_of_record